{"C:\\Users\\daniel.moraes\\ABBA-1\\backend\\src\\index.js": {"path":"C:\\Users\\daniel.moraes\\ABBA-1\\backend\\src\\index.js","statementMap":{"0":{"start":{"line":5,"column":16},"end":{"line":5,"column":34}},"1":{"start":{"line":6,"column":13},"end":{"line":6,"column":28}},"2":{"start":{"line":7,"column":13},"end":{"line":7,"column":28}},"3":{"start":{"line":8,"column":13},"end":{"line":8,"column":28}},"4":{"start":{"line":11,"column":18},"end":{"line":11,"column":46}},"5":{"start":{"line":12,"column":26},"end":{"line":12,"column":58}},"6":{"start":{"line":13,"column":25},"end":{"line":13,"column":56}},"7":{"start":{"line":14,"column":23},"end":{"line":14,"column":52}},"8":{"start":{"line":15,"column":19},"end":{"line":15,"column":44}},"9":{"start":{"line":18,"column":23},"end":{"line":18,"column":52}},"10":{"start":{"line":19,"column":24},"end":{"line":19,"column":54}},"11":{"start":{"line":20,"column":21},"end":{"line":20,"column":48}},"12":{"start":{"line":21,"column":22},"end":{"line":21,"column":50}},"13":{"start":{"line":22,"column":16},"end":{"line":22,"column":41}},"14":{"start":{"line":25,"column":15},"end":{"line":25,"column":39}},"15":{"start":{"line":26,"column":21},"end":{"line":26,"column":52}},"16":{"start":{"line":29,"column":19},"end":{"line":29,"column":48}},"17":{"start":{"line":30,"column":24},"end":{"line":30,"column":58}},"18":{"start":{"line":33,"column":18},"end":{"line":33,"column":46}},"19":{"start":{"line":36,"column":12},"end":{"line":36,"column":21}},"20":{"start":{"line":37,"column":15},"end":{"line":37,"column":37}},"21":{"start":{"line":40,"column":0},"end":{"line":40,"column":16}},"22":{"start":{"line":41,"column":0},"end":{"line":41,"column":24}},"23":{"start":{"line":42,"column":0},"end":{"line":42,"column":59}},"24":{"start":{"line":45,"column":0},"end":{"line":45,"column":58}},"25":{"start":{"line":46,"column":0},"end":{"line":46,"column":56}},"26":{"start":{"line":47,"column":0},"end":{"line":47,"column":58}},"27":{"start":{"line":49,"column":12},"end":{"line":49,"column":27}},"28":{"start":{"line":50,"column":21},"end":{"line":50,"column":47}},"29":{"start":{"line":51,"column":20},"end":{"line":51,"column":42}},"30":{"start":{"line":52,"column":18},"end":{"line":52,"column":38}},"31":{"start":{"line":53,"column":14},"end":{"line":53,"column":30}},"32":{"start":{"line":56,"column":18},"end":{"line":56,"column":38}},"33":{"start":{"line":57,"column":19},"end":{"line":57,"column":40}},"34":{"start":{"line":58,"column":16},"end":{"line":58,"column":34}},"35":{"start":{"line":59,"column":17},"end":{"line":59,"column":36}},"36":{"start":{"line":62,"column":0},"end":{"line":62,"column":48}},"37":{"start":{"line":63,"column":0},"end":{"line":63,"column":46}},"38":{"start":{"line":64,"column":0},"end":{"line":64,"column":42}},"39":{"start":{"line":65,"column":0},"end":{"line":65,"column":34}},"40":{"start":{"line":68,"column":0},"end":{"line":68,"column":42}},"41":{"start":{"line":69,"column":0},"end":{"line":69,"column":44}},"42":{"start":{"line":70,"column":0},"end":{"line":70,"column":38}},"43":{"start":{"line":71,"column":0},"end":{"line":71,"column":40}},"44":{"start":{"line":74,"column":0},"end":{"line":74,"column":77}},"45":{"start":{"line":77,"column":0},"end":{"line":82,"column":3}},"46":{"start":{"line":85,"column":19},"end":{"line":85,"column":35}},"47":{"start":{"line":86,"column":17},"end":{"line":86,"column":44}},"48":{"start":{"line":89,"column":18},"end":{"line":89,"column":33}},"49":{"start":{"line":92,"column":0},"end":{"line":92,"column":45}},"50":{"start":{"line":95,"column":0},"end":{"line":95,"column":38}},"51":{"start":{"line":98,"column":0},"end":{"line":100,"column":3}},"52":{"start":{"line":99,"column":2},"end":{"line":99,"column":60}},"53":{"start":{"line":103,"column":0},"end":{"line":105,"column":3}},"54":{"start":{"line":104,"column":2},"end":{"line":104,"column":51}},"55":{"start":{"line":107,"column":0},"end":{"line":109,"column":3}},"56":{"start":{"line":108,"column":2},"end":{"line":108,"column":53}},"57":{"start":{"line":112,"column":0},"end":{"line":118,"column":3}},"58":{"start":{"line":128,"column":0},"end":{"line":227,"column":3}},"59":{"start":{"line":129,"column":2},"end":{"line":226,"column":3}},"60":{"start":{"line":130,"column":28},"end":{"line":130,"column":36}},"61":{"start":{"line":133,"column":22},"end":{"line":133,"column":32}},"62":{"start":{"line":134,"column":21},"end":{"line":134,"column":89}},"63":{"start":{"line":137,"column":4},"end":{"line":139,"column":7}},"64":{"start":{"line":142,"column":4},"end":{"line":149,"column":5}},"65":{"start":{"line":143,"column":6},"end":{"line":143,"column":63}},"66":{"start":{"line":144,"column":6},"end":{"line":144,"column":68}},"67":{"start":{"line":145,"column":6},"end":{"line":148,"column":9}},"68":{"start":{"line":151,"column":4},"end":{"line":151,"column":41}},"69":{"start":{"line":152,"column":4},"end":{"line":152,"column":45}},"70":{"start":{"line":155,"column":27},"end":{"line":155,"column":77}},"71":{"start":{"line":158,"column":22},"end":{"line":158,"column":81}},"72":{"start":{"line":161,"column":26},"end":{"line":161,"column":48}},"73":{"start":{"line":162,"column":27},"end":{"line":163,"column":57}},"74":{"start":{"line":165,"column":4},"end":{"line":173,"column":5}},"75":{"start":{"line":166,"column":6},"end":{"line":172,"column":8}},"76":{"start":{"line":175,"column":4},"end":{"line":175,"column":39}},"77":{"start":{"line":178,"column":4},"end":{"line":182,"column":7}},"78":{"start":{"line":185,"column":4},"end":{"line":189,"column":7}},"79":{"start":{"line":192,"column":4},"end":{"line":196,"column":7}},"80":{"start":{"line":199,"column":4},"end":{"line":211,"column":7}},"81":{"start":{"line":215,"column":4},"end":{"line":218,"column":7}},"82":{"start":{"line":220,"column":26},"end":{"line":223,"column":6}},"83":{"start":{"line":225,"column":4},"end":{"line":225,"column":40}},"84":{"start":{"line":230,"column":0},"end":{"line":232,"column":3}},"85":{"start":{"line":231,"column":2},"end":{"line":231,"column":33}},"86":{"start":{"line":235,"column":0},"end":{"line":237,"column":3}},"87":{"start":{"line":236,"column":2},"end":{"line":236,"column":65}},"88":{"start":{"line":240,"column":0},"end":{"line":248,"column":3}},"89":{"start":{"line":241,"column":2},"end":{"line":247,"column":3}},"90":{"start":{"line":242,"column":19},"end":{"line":242,"column":54}},"91":{"start":{"line":243,"column":4},"end":{"line":243,"column":21}},"92":{"start":{"line":245,"column":26},"end":{"line":245,"column":52}},"93":{"start":{"line":246,"column":4},"end":{"line":246,"column":40}},"94":{"start":{"line":251,"column":0},"end":{"line":254,"column":3}},"95":{"start":{"line":252,"column":17},"end":{"line":252,"column":42}},"96":{"start":{"line":253,"column":2},"end":{"line":253,"column":19}},"97":{"start":{"line":257,"column":0},"end":{"line":267,"column":3}},"98":{"start":{"line":258,"column":2},"end":{"line":262,"column":3}},"99":{"start":{"line":259,"column":4},"end":{"line":261,"column":7}},"100":{"start":{"line":264,"column":2},"end":{"line":266,"column":5}},"101":{"start":{"line":272,"column":0},"end":{"line":301,"column":3}},"102":{"start":{"line":273,"column":17},"end":{"line":273,"column":32}},"103":{"start":{"line":274,"column":23},"end":{"line":274,"column":48}},"104":{"start":{"line":276,"column":2},"end":{"line":300,"column":5}},"105":{"start":{"line":306,"column":0},"end":{"line":333,"column":3}},"106":{"start":{"line":307,"column":2},"end":{"line":332,"column":5}},"107":{"start":{"line":338,"column":0},"end":{"line":350,"column":3}},"108":{"start":{"line":339,"column":17},"end":{"line":339,"column":32}},"109":{"start":{"line":341,"column":2},"end":{"line":349,"column":5}},"110":{"start":{"line":355,"column":0},"end":{"line":357,"column":3}},"111":{"start":{"line":356,"column":2},"end":{"line":356,"column":61}},"112":{"start":{"line":360,"column":0},"end":{"line":360,"column":35}},"113":{"start":{"line":363,"column":13},"end":{"line":363,"column":37}},"114":{"start":{"line":366,"column":0},"end":{"line":453,"column":3}},"115":{"start":{"line":368,"column":2},"end":{"line":375,"column":5}},"116":{"start":{"line":377,"column":2},"end":{"line":377,"column":58}},"117":{"start":{"line":378,"column":2},"end":{"line":378,"column":57}},"118":{"start":{"line":379,"column":2},"end":{"line":379,"column":57}},"119":{"start":{"line":380,"column":2},"end":{"line":380,"column":58}},"120":{"start":{"line":381,"column":2},"end":{"line":381,"column":18}},"121":{"start":{"line":382,"column":2},"end":{"line":382,"column":35}},"122":{"start":{"line":383,"column":2},"end":{"line":383,"column":33}},"123":{"start":{"line":384,"column":2},"end":{"line":384,"column":18}},"124":{"start":{"line":385,"column":2},"end":{"line":385,"column":32}},"125":{"start":{"line":386,"column":2},"end":{"line":386,"column":34}},"126":{"start":{"line":387,"column":2},"end":{"line":387,"column":42}},"127":{"start":{"line":388,"column":2},"end":{"line":388,"column":41}},"128":{"start":{"line":389,"column":2},"end":{"line":389,"column":39}},"129":{"start":{"line":390,"column":2},"end":{"line":390,"column":35}},"130":{"start":{"line":391,"column":2},"end":{"line":391,"column":18}},"131":{"start":{"line":392,"column":2},"end":{"line":392,"column":41}},"132":{"start":{"line":393,"column":2},"end":{"line":393,"column":39}},"133":{"start":{"line":394,"column":2},"end":{"line":394,"column":41}},"134":{"start":{"line":395,"column":2},"end":{"line":395,"column":18}},"135":{"start":{"line":396,"column":2},"end":{"line":396,"column":31}},"136":{"start":{"line":397,"column":2},"end":{"line":397,"column":37}},"137":{"start":{"line":398,"column":2},"end":{"line":398,"column":38}},"138":{"start":{"line":399,"column":2},"end":{"line":399,"column":18}},"139":{"start":{"line":400,"column":2},"end":{"line":400,"column":35}},"140":{"start":{"line":401,"column":2},"end":{"line":401,"column":50}},"141":{"start":{"line":402,"column":2},"end":{"line":402,"column":46}},"142":{"start":{"line":403,"column":2},"end":{"line":403,"column":42}},"143":{"start":{"line":404,"column":2},"end":{"line":404,"column":45}},"144":{"start":{"line":405,"column":2},"end":{"line":405,"column":39}},"145":{"start":{"line":406,"column":2},"end":{"line":406,"column":18}},"146":{"start":{"line":407,"column":2},"end":{"line":407,"column":46}},"147":{"start":{"line":408,"column":2},"end":{"line":408,"column":45}},"148":{"start":{"line":409,"column":2},"end":{"line":409,"column":40}},"149":{"start":{"line":410,"column":2},"end":{"line":410,"column":38}},"150":{"start":{"line":411,"column":2},"end":{"line":411,"column":41}},"151":{"start":{"line":412,"column":2},"end":{"line":412,"column":40}},"152":{"start":{"line":413,"column":2},"end":{"line":413,"column":18}},"153":{"start":{"line":414,"column":2},"end":{"line":414,"column":47}},"154":{"start":{"line":415,"column":2},"end":{"line":415,"column":40}},"155":{"start":{"line":416,"column":2},"end":{"line":416,"column":45}},"156":{"start":{"line":417,"column":2},"end":{"line":417,"column":47}},"157":{"start":{"line":418,"column":2},"end":{"line":418,"column":40}},"158":{"start":{"line":419,"column":2},"end":{"line":419,"column":41}},"159":{"start":{"line":420,"column":2},"end":{"line":420,"column":18}},"160":{"start":{"line":421,"column":2},"end":{"line":421,"column":69}},"161":{"start":{"line":422,"column":2},"end":{"line":422,"column":18}},"162":{"start":{"line":423,"column":2},"end":{"line":423,"column":34}},"163":{"start":{"line":424,"column":2},"end":{"line":424,"column":59}},"164":{"start":{"line":425,"column":2},"end":{"line":425,"column":65}},"165":{"start":{"line":426,"column":2},"end":{"line":426,"column":67}},"166":{"start":{"line":427,"column":2},"end":{"line":427,"column":53}},"167":{"start":{"line":428,"column":2},"end":{"line":428,"column":69}},"168":{"start":{"line":429,"column":2},"end":{"line":429,"column":67}},"169":{"start":{"line":430,"column":2},"end":{"line":430,"column":65}},"170":{"start":{"line":431,"column":2},"end":{"line":433,"column":3}},"171":{"start":{"line":432,"column":4},"end":{"line":432,"column":68}},"172":{"start":{"line":434,"column":2},"end":{"line":434,"column":18}},"173":{"start":{"line":435,"column":2},"end":{"line":435,"column":37}},"174":{"start":{"line":436,"column":2},"end":{"line":436,"column":65}},"175":{"start":{"line":437,"column":2},"end":{"line":437,"column":64}},"176":{"start":{"line":438,"column":2},"end":{"line":438,"column":62}},"177":{"start":{"line":439,"column":2},"end":{"line":439,"column":69}},"178":{"start":{"line":440,"column":2},"end":{"line":440,"column":73}},"179":{"start":{"line":441,"column":2},"end":{"line":441,"column":65}},"180":{"start":{"line":442,"column":2},"end":{"line":442,"column":69}},"181":{"start":{"line":443,"column":2},"end":{"line":443,"column":18}},"182":{"start":{"line":444,"column":2},"end":{"line":444,"column":37}},"183":{"start":{"line":445,"column":2},"end":{"line":445,"column":66}},"184":{"start":{"line":446,"column":2},"end":{"line":446,"column":70}},"185":{"start":{"line":447,"column":2},"end":{"line":447,"column":66}},"186":{"start":{"line":448,"column":2},"end":{"line":448,"column":69}},"187":{"start":{"line":449,"column":2},"end":{"line":449,"column":66}},"188":{"start":{"line":450,"column":2},"end":{"line":450,"column":66}},"189":{"start":{"line":451,"column":2},"end":{"line":451,"column":18}},"190":{"start":{"line":452,"column":2},"end":{"line":452,"column":58}},"191":{"start":{"line":456,"column":0},"end":{"line":461,"column":3}},"192":{"start":{"line":457,"column":2},"end":{"line":460,"column":5}},"193":{"start":{"line":463,"column":0},"end":{"line":473,"column":3}},"194":{"start":{"line":464,"column":2},"end":{"line":467,"column":5}},"195":{"start":{"line":470,"column":2},"end":{"line":472,"column":11}},"196":{"start":{"line":471,"column":4},"end":{"line":471,"column":20}},"197":{"start":{"line":476,"column":0},"end":{"line":482,"column":3}},"198":{"start":{"line":477,"column":2},"end":{"line":477,"column":60}},"199":{"start":{"line":478,"column":2},"end":{"line":481,"column":5}},"200":{"start":{"line":479,"column":4},"end":{"line":479,"column":33}},"201":{"start":{"line":480,"column":4},"end":{"line":480,"column":20}},"202":{"start":{"line":484,"column":0},"end":{"line":484,"column":43}}},"fnMap":{"0":{"name":"(anonymous_0)","decl":{"start":{"line":98,"column":22},"end":{"line":98,"column":23}},"loc":{"start":{"line":98,"column":36},"end":{"line":100,"column":1}},"line":98},"1":{"name":"(anonymous_1)","decl":{"start":{"line":103,"column":33},"end":{"line":103,"column":34}},"loc":{"start":{"line":103,"column":43},"end":{"line":105,"column":1}},"line":103},"2":{"name":"(anonymous_2)","decl":{"start":{"line":107,"column":35},"end":{"line":107,"column":36}},"loc":{"start":{"line":107,"column":45},"end":{"line":109,"column":1}},"line":107},"3":{"name":"(anonymous_3)","decl":{"start":{"line":128,"column":30},"end":{"line":128,"column":31}},"loc":{"start":{"line":128,"column":50},"end":{"line":227,"column":1}},"line":128},"4":{"name":"(anonymous_4)","decl":{"start":{"line":230,"column":24},"end":{"line":230,"column":25}},"loc":{"start":{"line":230,"column":38},"end":{"line":232,"column":1}},"line":230},"5":{"name":"(anonymous_5)","decl":{"start":{"line":235,"column":22},"end":{"line":235,"column":23}},"loc":{"start":{"line":235,"column":36},"end":{"line":237,"column":1}},"line":235},"6":{"name":"(anonymous_6)","decl":{"start":{"line":240,"column":23},"end":{"line":240,"column":24}},"loc":{"start":{"line":240,"column":43},"end":{"line":248,"column":1}},"line":240},"7":{"name":"(anonymous_7)","decl":{"start":{"line":251,"column":30},"end":{"line":251,"column":31}},"loc":{"start":{"line":251,"column":44},"end":{"line":254,"column":1}},"line":251},"8":{"name":"(anonymous_8)","decl":{"start":{"line":257,"column":23},"end":{"line":257,"column":24}},"loc":{"start":{"line":257,"column":37},"end":{"line":267,"column":1}},"line":257},"9":{"name":"(anonymous_9)","decl":{"start":{"line":272,"column":23},"end":{"line":272,"column":24}},"loc":{"start":{"line":272,"column":37},"end":{"line":301,"column":1}},"line":272},"10":{"name":"(anonymous_10)","decl":{"start":{"line":306,"column":21},"end":{"line":306,"column":22}},"loc":{"start":{"line":306,"column":35},"end":{"line":333,"column":1}},"line":306},"11":{"name":"(anonymous_11)","decl":{"start":{"line":338,"column":23},"end":{"line":338,"column":24}},"loc":{"start":{"line":338,"column":37},"end":{"line":350,"column":1}},"line":338},"12":{"name":"(anonymous_12)","decl":{"start":{"line":355,"column":13},"end":{"line":355,"column":14}},"loc":{"start":{"line":355,"column":27},"end":{"line":357,"column":1}},"line":355},"13":{"name":"(anonymous_13)","decl":{"start":{"line":366,"column":20},"end":{"line":366,"column":21}},"loc":{"start":{"line":366,"column":26},"end":{"line":453,"column":1}},"line":366},"14":{"name":"(anonymous_14)","decl":{"start":{"line":456,"column":33},"end":{"line":456,"column":34}},"loc":{"start":{"line":456,"column":54},"end":{"line":461,"column":1}},"line":456},"15":{"name":"(anonymous_15)","decl":{"start":{"line":463,"column":32},"end":{"line":463,"column":33}},"loc":{"start":{"line":463,"column":43},"end":{"line":473,"column":1}},"line":463},"16":{"name":"(anonymous_16)","decl":{"start":{"line":470,"column":13},"end":{"line":470,"column":14}},"loc":{"start":{"line":470,"column":19},"end":{"line":472,"column":3}},"line":470},"17":{"name":"(anonymous_17)","decl":{"start":{"line":476,"column":22},"end":{"line":476,"column":23}},"loc":{"start":{"line":476,"column":28},"end":{"line":482,"column":1}},"line":476},"18":{"name":"(anonymous_18)","decl":{"start":{"line":478,"column":15},"end":{"line":478,"column":16}},"loc":{"start":{"line":478,"column":21},"end":{"line":481,"column":3}},"line":478}},"branchMap":{"0":{"loc":{"start":{"line":142,"column":4},"end":{"line":149,"column":5}},"type":"if","locations":[{"start":{"line":142,"column":4},"end":{"line":149,"column":5}},{"start":{},"end":{}}],"line":142},"1":{"loc":{"start":{"line":142,"column":8},"end":{"line":142,"column":55}},"type":"binary-expr","locations":[{"start":{"line":142,"column":8},"end":{"line":142,"column":20}},{"start":{"line":142,"column":24},"end":{"line":142,"column":55}}],"line":142},"2":{"loc":{"start":{"line":162,"column":27},"end":{"line":163,"column":57}},"type":"cond-expr","locations":[{"start":{"line":163,"column":6},"end":{"line":163,"column":53}},{"start":{"line":163,"column":56},"end":{"line":163,"column":57}}],"line":162},"3":{"loc":{"start":{"line":165,"column":4},"end":{"line":173,"column":5}},"type":"if","locations":[{"start":{"line":165,"column":4},"end":{"line":173,"column":5}},{"start":{},"end":{}}],"line":165},"4":{"loc":{"start":{"line":258,"column":2},"end":{"line":262,"column":3}},"type":"if","locations":[{"start":{"line":258,"column":2},"end":{"line":262,"column":3}},{"start":{},"end":{}}],"line":258},"5":{"loc":{"start":{"line":363,"column":13},"end":{"line":363,"column":37}},"type":"binary-expr","locations":[{"start":{"line":363,"column":13},"end":{"line":363,"column":29}},{"start":{"line":363,"column":33},"end":{"line":363,"column":37}}],"line":363},"6":{"loc":{"start":{"line":370,"column":17},"end":{"line":370,"column":54}},"type":"binary-expr","locations":[{"start":{"line":370,"column":17},"end":{"line":370,"column":37}},{"start":{"line":370,"column":41},"end":{"line":370,"column":54}}],"line":370},"7":{"loc":{"start":{"line":431,"column":2},"end":{"line":433,"column":3}},"type":"if","locations":[{"start":{"line":431,"column":2},"end":{"line":433,"column":3}},{"start":{},"end":{}}],"line":431}},"s":{"0":1,"1":1,"2":1,"3":1,"4":1,"5":1,"6":1,"7":1,"8":1,"9":1,"10":1,"11":1,"12":1,"13":1,"14":1,"15":1,"16":1,"17":1,"18":1,"19":1,"20":1,"21":1,"22":1,"23":1,"24":1,"25":1,"26":1,"27":1,"28":1,"29":1,"30":1,"31":1,"32":1,"33":1,"34":1,"35":1,"36":1,"37":1,"38":1,"39":1,"40":1,"41":1,"42":1,"43":1,"44":1,"45":1,"46":1,"47":1,"48":1,"49":1,"50":1,"51":1,"52":0,"53":1,"54":0,"55":1,"56":0,"57":1,"58":1,"59":1,"60":1,"61":1,"62":1,"63":1,"64":1,"65":0,"66":0,"67":0,"68":1,"69":1,"70":1,"71":1,"72":1,"73":1,"74":1,"75":0,"76":1,"77":1,"78":1,"79":1,"80":1,"81":0,"82":0,"83":0,"84":1,"85":0,"86":1,"87":0,"88":1,"89":0,"90":0,"91":0,"92":0,"93":0,"94":1,"95":0,"96":0,"97":1,"98":0,"99":0,"100":0,"101":1,"102":1,"103":1,"104":1,"105":1,"106":0,"107":1,"108":0,"109":0,"110":1,"111":0,"112":1,"113":1,"114":1,"115":0,"116":0,"117":0,"118":0,"119":0,"120":0,"121":0,"122":0,"123":0,"124":0,"125":0,"126":0,"127":0,"128":0,"129":0,"130":0,"131":0,"132":0,"133":0,"134":0,"135":0,"136":0,"137":0,"138":0,"139":0,"140":0,"141":0,"142":0,"143":0,"144":0,"145":0,"146":0,"147":0,"148":0,"149":0,"150":0,"151":0,"152":0,"153":0,"154":0,"155":0,"156":0,"157":0,"158":0,"159":0,"160":0,"161":0,"162":0,"163":0,"164":0,"165":0,"166":0,"167":0,"168":0,"169":0,"170":0,"171":0,"172":0,"173":0,"174":0,"175":0,"176":0,"177":0,"178":0,"179":0,"180":0,"181":0,"182":0,"183":0,"184":0,"185":0,"186":0,"187":0,"188":0,"189":0,"190":0,"191":1,"192":0,"193":1,"194":0,"195":0,"196":0,"197":1,"198":0,"199":0,"200":0,"201":0,"202":1},"f":{"0":0,"1":0,"2":0,"3":1,"4":0,"5":0,"6":0,"7":0,"8":0,"9":1,"10":0,"11":0,"12":0,"13":0,"14":0,"15":0,"16":0,"17":0,"18":0},"b":{"0":[0,1],"1":[1,1],"2":[0,1],"3":[0,1],"4":[0,0],"5":[1,0],"6":[0,0],"7":[0,0]},"_coverageSchema":"1a1c01bbd47fc00a2c39e90264f33305004495a9","hash":"84d8b4770cd6937dc45a0ff3b422f87b6bd5008f"}
,"C:\\Users\\daniel.moraes\\ABBA-1\\backend\\src\\agents\\architect.js": {"path":"C:\\Users\\daniel.moraes\\ABBA-1\\backend\\src\\agents\\architect.js","statementMap":{"0":{"start":{"line":7,"column":6},"end":{"line":7,"column":28}},"1":{"start":{"line":10,"column":6},"end":{"line":51,"column":8}},"2":{"start":{"line":54,"column":6},"end":{"line":79,"column":8}},"3":{"start":{"line":86,"column":6},"end":{"line":86,"column":64}},"4":{"start":{"line":88,"column":29},"end":{"line":88,"column":36}},"5":{"start":{"line":91,"column":27},"end":{"line":116,"column":7}},"6":{"start":{"line":119,"column":6},"end":{"line":119,"column":80}},"7":{"start":{"line":120,"column":6},"end":{"line":120,"column":81}},"8":{"start":{"line":122,"column":6},"end":{"line":122,"column":61}},"9":{"start":{"line":123,"column":6},"end":{"line":123,"column":121}},"10":{"start":{"line":125,"column":6},"end":{"line":125,"column":26}},"11":{"start":{"line":132,"column":42},"end":{"line":132,"column":56}},"12":{"start":{"line":135,"column":22},"end":{"line":136,"column":67}},"13":{"start":{"line":139,"column":6},"end":{"line":148,"column":9}},"14":{"start":{"line":140,"column":23},"end":{"line":140,"column":57}},"15":{"start":{"line":141,"column":8},"end":{"line":147,"column":9}},"16":{"start":{"line":143,"column":10},"end":{"line":145,"column":11}},"17":{"start":{"line":144,"column":12},"end":{"line":144,"column":44}},"18":{"start":{"line":146,"column":10},"end":{"line":146,"column":59}},"19":{"start":{"line":151,"column":6},"end":{"line":156,"column":7}},"20":{"start":{"line":152,"column":8},"end":{"line":152,"column":40}},"21":{"start":{"line":153,"column":8},"end":{"line":155,"column":11}},"22":{"start":{"line":154,"column":10},"end":{"line":154,"column":65}},"23":{"start":{"line":158,"column":6},"end":{"line":158,"column":23}},"24":{"start":{"line":165,"column":59},"end":{"line":165,"column":73}},"25":{"start":{"line":168,"column":17},"end":{"line":168,"column":47}},"26":{"start":{"line":171,"column":23},"end":{"line":171,"column":60}},"27":{"start":{"line":172,"column":6},"end":{"line":174,"column":7}},"28":{"start":{"line":173,"column":8},"end":{"line":173,"column":60}},"29":{"start":{"line":173,"column":45},"end":{"line":173,"column":58}},"30":{"start":{"line":177,"column":6},"end":{"line":182,"column":9}},"31":{"start":{"line":178,"column":23},"end":{"line":178,"column":57}},"32":{"start":{"line":179,"column":8},"end":{"line":181,"column":9}},"33":{"start":{"line":180,"column":10},"end":{"line":180,"column":60}},"34":{"start":{"line":180,"column":45},"end":{"line":180,"column":58}},"35":{"start":{"line":185,"column":6},"end":{"line":185,"column":76}},"36":{"start":{"line":185,"column":48},"end":{"line":185,"column":76}},"37":{"start":{"line":186,"column":6},"end":{"line":186,"column":82}},"38":{"start":{"line":186,"column":48},"end":{"line":186,"column":82}},"39":{"start":{"line":187,"column":6},"end":{"line":187,"column":72}},"40":{"start":{"line":187,"column":45},"end":{"line":187,"column":72}},"41":{"start":{"line":188,"column":6},"end":{"line":188,"column":70}},"42":{"start":{"line":188,"column":47},"end":{"line":188,"column":70}},"43":{"start":{"line":190,"column":6},"end":{"line":190,"column":30}},"44":{"start":{"line":197,"column":42},"end":{"line":197,"column":56}},"45":{"start":{"line":199,"column":17},"end":{"line":199,"column":19}},"46":{"start":{"line":202,"column":6},"end":{"line":217,"column":7}},"47":{"start":{"line":204,"column":10},"end":{"line":204,"column":116}},"48":{"start":{"line":205,"column":10},"end":{"line":205,"column":16}},"49":{"start":{"line":207,"column":10},"end":{"line":207,"column":106}},"50":{"start":{"line":208,"column":10},"end":{"line":208,"column":16}},"51":{"start":{"line":210,"column":10},"end":{"line":210,"column":100}},"52":{"start":{"line":211,"column":10},"end":{"line":211,"column":16}},"53":{"start":{"line":213,"column":10},"end":{"line":213,"column":107}},"54":{"start":{"line":214,"column":10},"end":{"line":214,"column":16}},"55":{"start":{"line":216,"column":10},"end":{"line":216,"column":48}},"56":{"start":{"line":220,"column":6},"end":{"line":223,"column":7}},"57":{"start":{"line":221,"column":24},"end":{"line":221,"column":63}},"58":{"start":{"line":222,"column":8},"end":{"line":222,"column":50}},"59":{"start":{"line":225,"column":6},"end":{"line":228,"column":7}},"60":{"start":{"line":226,"column":25},"end":{"line":226,"column":56}},"61":{"start":{"line":227,"column":8},"end":{"line":227,"column":54}},"62":{"start":{"line":230,"column":6},"end":{"line":230,"column":18}},"63":{"start":{"line":237,"column":6},"end":{"line":258,"column":8}},"64":{"start":{"line":265,"column":28},"end":{"line":265,"column":42}},"65":{"start":{"line":266,"column":23},"end":{"line":266,"column":60}},"66":{"start":{"line":267,"column":6},"end":{"line":267,"column":59}},"67":{"start":{"line":274,"column":18},"end":{"line":274,"column":19}},"68":{"start":{"line":275,"column":6},"end":{"line":277,"column":7}},"69":{"start":{"line":276,"column":8},"end":{"line":276,"column":42}},"70":{"start":{"line":278,"column":6},"end":{"line":278,"column":19}},"71":{"start":{"line":285,"column":24},"end":{"line":289,"column":7}},"72":{"start":{"line":291,"column":21},"end":{"line":291,"column":63}},"73":{"start":{"line":292,"column":6},"end":{"line":292,"column":51}},"74":{"start":{"line":293,"column":6},"end":{"line":293,"column":56}},"75":{"start":{"line":295,"column":6},"end":{"line":295,"column":22}},"76":{"start":{"line":299,"column":2},"end":{"line":299,"column":34}}},"fnMap":{"0":{"name":"(anonymous_0)","decl":{"start":{"line":6,"column":4},"end":{"line":6,"column":5}},"loc":{"start":{"line":6,"column":18},"end":{"line":80,"column":5}},"line":6},"1":{"name":"(anonymous_1)","decl":{"start":{"line":85,"column":4},"end":{"line":85,"column":5}},"loc":{"start":{"line":85,"column":36},"end":{"line":126,"column":5}},"line":85},"2":{"name":"(anonymous_2)","decl":{"start":{"line":131,"column":4},"end":{"line":131,"column":5}},"loc":{"start":{"line":131,"column":42},"end":{"line":159,"column":5}},"line":131},"3":{"name":"(anonymous_3)","decl":{"start":{"line":139,"column":27},"end":{"line":139,"column":28}},"loc":{"start":{"line":139,"column":41},"end":{"line":148,"column":7}},"line":139},"4":{"name":"(anonymous_4)","decl":{"start":{"line":153,"column":47},"end":{"line":153,"column":48}},"loc":{"start":{"line":153,"column":57},"end":{"line":155,"column":9}},"line":153},"5":{"name":"(anonymous_5)","decl":{"start":{"line":164,"column":4},"end":{"line":164,"column":5}},"loc":{"start":{"line":164,"column":41},"end":{"line":191,"column":5}},"line":164},"6":{"name":"(anonymous_6)","decl":{"start":{"line":173,"column":38},"end":{"line":173,"column":39}},"loc":{"start":{"line":173,"column":45},"end":{"line":173,"column":58}},"line":173},"7":{"name":"(anonymous_7)","decl":{"start":{"line":177,"column":27},"end":{"line":177,"column":28}},"loc":{"start":{"line":177,"column":41},"end":{"line":182,"column":7}},"line":177},"8":{"name":"(anonymous_8)","decl":{"start":{"line":180,"column":38},"end":{"line":180,"column":39}},"loc":{"start":{"line":180,"column":45},"end":{"line":180,"column":58}},"line":180},"9":{"name":"(anonymous_9)","decl":{"start":{"line":196,"column":4},"end":{"line":196,"column":5}},"loc":{"start":{"line":196,"column":37},"end":{"line":231,"column":5}},"line":196},"10":{"name":"(anonymous_10)","decl":{"start":{"line":236,"column":4},"end":{"line":236,"column":5}},"loc":{"start":{"line":236,"column":35},"end":{"line":259,"column":5}},"line":236},"11":{"name":"(anonymous_11)","decl":{"start":{"line":264,"column":4},"end":{"line":264,"column":5}},"loc":{"start":{"line":264,"column":35},"end":{"line":268,"column":5}},"line":264},"12":{"name":"(anonymous_12)","decl":{"start":{"line":273,"column":4},"end":{"line":273,"column":5}},"loc":{"start":{"line":273,"column":26},"end":{"line":279,"column":5}},"line":273},"13":{"name":"(anonymous_13)","decl":{"start":{"line":284,"column":4},"end":{"line":284,"column":5}},"loc":{"start":{"line":284,"column":38},"end":{"line":296,"column":5}},"line":284}},"branchMap":{"0":{"loc":{"start":{"line":93,"column":17},"end":{"line":93,"column":64}},"type":"binary-expr","locations":[{"start":{"line":93,"column":17},"end":{"line":93,"column":39}},{"start":{"line":93,"column":43},"end":{"line":93,"column":64}}],"line":93},"1":{"loc":{"start":{"line":135,"column":22},"end":{"line":136,"column":67}},"type":"binary-expr","locations":[{"start":{"line":135,"column":22},"end":{"line":135,"column":70}},{"start":{"line":136,"column":21},"end":{"line":136,"column":67}}],"line":135},"2":{"loc":{"start":{"line":141,"column":8},"end":{"line":147,"column":9}},"type":"if","locations":[{"start":{"line":141,"column":8},"end":{"line":147,"column":9}},{"start":{},"end":{}}],"line":141},"3":{"loc":{"start":{"line":143,"column":10},"end":{"line":145,"column":11}},"type":"if","locations":[{"start":{"line":143,"column":10},"end":{"line":145,"column":11}},{"start":{},"end":{}}],"line":143},"4":{"loc":{"start":{"line":151,"column":6},"end":{"line":156,"column":7}},"type":"if","locations":[{"start":{"line":151,"column":6},"end":{"line":156,"column":7}},{"start":{},"end":{}}],"line":151},"5":{"loc":{"start":{"line":172,"column":6},"end":{"line":174,"column":7}},"type":"if","locations":[{"start":{"line":172,"column":6},"end":{"line":174,"column":7}},{"start":{},"end":{}}],"line":172},"6":{"loc":{"start":{"line":179,"column":8},"end":{"line":181,"column":9}},"type":"if","locations":[{"start":{"line":179,"column":8},"end":{"line":181,"column":9}},{"start":{},"end":{}}],"line":179},"7":{"loc":{"start":{"line":185,"column":6},"end":{"line":185,"column":76}},"type":"if","locations":[{"start":{"line":185,"column":6},"end":{"line":185,"column":76}},{"start":{},"end":{}}],"line":185},"8":{"loc":{"start":{"line":186,"column":6},"end":{"line":186,"column":82}},"type":"if","locations":[{"start":{"line":186,"column":6},"end":{"line":186,"column":82}},{"start":{},"end":{}}],"line":186},"9":{"loc":{"start":{"line":187,"column":6},"end":{"line":187,"column":72}},"type":"if","locations":[{"start":{"line":187,"column":6},"end":{"line":187,"column":72}},{"start":{},"end":{}}],"line":187},"10":{"loc":{"start":{"line":188,"column":6},"end":{"line":188,"column":70}},"type":"if","locations":[{"start":{"line":188,"column":6},"end":{"line":188,"column":70}},{"start":{},"end":{}}],"line":188},"11":{"loc":{"start":{"line":202,"column":6},"end":{"line":217,"column":7}},"type":"switch","locations":[{"start":{"line":203,"column":8},"end":{"line":205,"column":16}},{"start":{"line":206,"column":8},"end":{"line":208,"column":16}},{"start":{"line":209,"column":8},"end":{"line":211,"column":16}},{"start":{"line":212,"column":8},"end":{"line":214,"column":16}},{"start":{"line":215,"column":8},"end":{"line":216,"column":48}}],"line":202},"12":{"loc":{"start":{"line":220,"column":6},"end":{"line":223,"column":7}},"type":"if","locations":[{"start":{"line":220,"column":6},"end":{"line":223,"column":7}},{"start":{},"end":{}}],"line":220},"13":{"loc":{"start":{"line":221,"column":24},"end":{"line":221,"column":63}},"type":"binary-expr","locations":[{"start":{"line":221,"column":24},"end":{"line":221,"column":58}},{"start":{"line":221,"column":62},"end":{"line":221,"column":63}}],"line":221},"14":{"loc":{"start":{"line":225,"column":6},"end":{"line":228,"column":7}},"type":"if","locations":[{"start":{"line":225,"column":6},"end":{"line":228,"column":7}},{"start":{},"end":{}}],"line":225},"15":{"loc":{"start":{"line":226,"column":25},"end":{"line":226,"column":56}},"type":"binary-expr","locations":[{"start":{"line":226,"column":25},"end":{"line":226,"column":51}},{"start":{"line":226,"column":55},"end":{"line":226,"column":56}}],"line":226},"16":{"loc":{"start":{"line":254,"column":25},"end":{"line":254,"column":75}},"type":"cond-expr","locations":[{"start":{"line":254,"column":67},"end":{"line":254,"column":70}},{"start":{"line":254,"column":73},"end":{"line":254,"column":75}}],"line":254},"17":{"loc":{"start":{"line":267,"column":13},"end":{"line":267,"column":58}},"type":"binary-expr","locations":[{"start":{"line":267,"column":13},"end":{"line":267,"column":31}},{"start":{"line":267,"column":35},"end":{"line":267,"column":58}}],"line":267},"18":{"loc":{"start":{"line":291,"column":21},"end":{"line":291,"column":63}},"type":"binary-expr","locations":[{"start":{"line":291,"column":21},"end":{"line":291,"column":55}},{"start":{"line":291,"column":59},"end":{"line":291,"column":63}}],"line":291}},"s":{"0":1,"1":1,"2":1,"3":1,"4":1,"5":1,"6":1,"7":1,"8":1,"9":1,"10":1,"11":1,"12":1,"13":1,"14":1,"15":1,"16":0,"17":0,"18":0,"19":1,"20":1,"21":1,"22":1,"23":1,"24":1,"25":1,"26":1,"27":1,"28":1,"29":2,"30":1,"31":1,"32":1,"33":0,"34":0,"35":1,"36":0,"37":1,"38":0,"39":1,"40":0,"41":1,"42":0,"43":1,"44":1,"45":1,"46":1,"47":0,"48":0,"49":0,"50":0,"51":1,"52":1,"53":0,"54":0,"55":0,"56":1,"57":0,"58":0,"59":1,"60":0,"61":0,"62":1,"63":1,"64":1,"65":1,"66":1,"67":1,"68":1,"69":5,"70":1,"71":1,"72":1,"73":1,"74":1,"75":1,"76":1},"f":{"0":1,"1":1,"2":1,"3":1,"4":1,"5":1,"6":2,"7":1,"8":0,"9":1,"10":1,"11":1,"12":1,"13":1},"b":{"0":[1,1],"1":[1,0],"2":[0,1],"3":[0,0],"4":[1,0],"5":[1,0],"6":[0,1],"7":[0,1],"8":[0,1],"9":[0,1],"10":[0,1],"11":[0,0,1,0,0],"12":[0,1],"13":[0,0],"14":[0,1],"15":[0,0],"16":[0,1],"17":[1,0],"18":[1,0]},"_coverageSchema":"1a1c01bbd47fc00a2c39e90264f33305004495a9","hash":"cfd7f417d983c27b4c27cd4950a80aa128ac39c7"}
,"C:\\Users\\daniel.moraes\\ABBA-1\\backend\\src\\agents\\coder.js": {"path":"C:\\Users\\daniel.moraes\\ABBA-1\\backend\\src\\agents\\coder.js","statementMap":{"0":{"start":{"line":7,"column":6},"end":{"line":7,"column":24}},"1":{"start":{"line":10,"column":6},"end":{"line":142,"column":8}},"2":{"start":{"line":149,"column":6},"end":{"line":149,"column":65}},"3":{"start":{"line":151,"column":27},"end":{"line":151,"column":34}},"4":{"start":{"line":154,"column":28},"end":{"line":162,"column":7}},"5":{"start":{"line":165,"column":6},"end":{"line":165,"column":76}},"6":{"start":{"line":168,"column":6},"end":{"line":174,"column":7}},"7":{"start":{"line":169,"column":8},"end":{"line":173,"column":9}},"8":{"start":{"line":170,"column":23},"end":{"line":170,"column":64}},"9":{"start":{"line":171,"column":27},"end":{"line":171,"column":65}},"10":{"start":{"line":172,"column":10},"end":{"line":172,"column":47}},"11":{"start":{"line":177,"column":6},"end":{"line":177,"column":73}},"12":{"start":{"line":178,"column":6},"end":{"line":179,"column":65}},"13":{"start":{"line":179,"column":31},"end":{"line":179,"column":60}},"14":{"start":{"line":181,"column":6},"end":{"line":181,"column":119}},"15":{"start":{"line":183,"column":6},"end":{"line":183,"column":27}},"16":{"start":{"line":190,"column":17},"end":{"line":190,"column":41}},"17":{"start":{"line":193,"column":6},"end":{"line":193,"column":92}},"18":{"start":{"line":194,"column":6},"end":{"line":194,"column":95}},"19":{"start":{"line":195,"column":6},"end":{"line":195,"column":86}},"20":{"start":{"line":198,"column":28},"end":{"line":198,"column":30}},"21":{"start":{"line":199,"column":6},"end":{"line":219,"column":7}},"22":{"start":{"line":201,"column":10},"end":{"line":203,"column":64}},"23":{"start":{"line":204,"column":10},"end":{"line":204,"column":16}},"24":{"start":{"line":206,"column":10},"end":{"line":208,"column":55}},"25":{"start":{"line":209,"column":10},"end":{"line":209,"column":16}},"26":{"start":{"line":211,"column":10},"end":{"line":213,"column":51}},"27":{"start":{"line":214,"column":10},"end":{"line":214,"column":16}},"28":{"start":{"line":216,"column":10},"end":{"line":218,"column":56}},"29":{"start":{"line":221,"column":6},"end":{"line":221,"column":66}},"30":{"start":{"line":223,"column":6},"end":{"line":223,"column":18}},"31":{"start":{"line":231,"column":6},"end":{"line":239,"column":7}},"32":{"start":{"line":232,"column":8},"end":{"line":232,"column":60}},"33":{"start":{"line":233,"column":13},"end":{"line":239,"column":7}},"34":{"start":{"line":234,"column":8},"end":{"line":234,"column":60}},"35":{"start":{"line":235,"column":13},"end":{"line":239,"column":7}},"36":{"start":{"line":236,"column":8},"end":{"line":236,"column":49}},"37":{"start":{"line":237,"column":13},"end":{"line":239,"column":7}},"38":{"start":{"line":238,"column":8},"end":{"line":238,"column":44}},"39":{"start":{"line":242,"column":6},"end":{"line":242,"column":62}},"40":{"start":{"line":249,"column":17},"end":{"line":249,"column":50}},"41":{"start":{"line":252,"column":26},"end":{"line":252,"column":74}},"42":{"start":{"line":254,"column":21},"end":{"line":254,"column":23}},"43":{"start":{"line":255,"column":24},"end":{"line":255,"column":26}},"44":{"start":{"line":256,"column":24},"end":{"line":256,"column":26}},"45":{"start":{"line":258,"column":6},"end":{"line":271,"column":7}},"46":{"start":{"line":259,"column":8},"end":{"line":259,"column":55}},"47":{"start":{"line":260,"column":8},"end":{"line":263,"column":51}},"48":{"start":{"line":264,"column":8},"end":{"line":270,"column":54}},"49":{"start":{"line":273,"column":6},"end":{"line":273,"column":68}},"50":{"start":{"line":274,"column":6},"end":{"line":274,"column":58}},"51":{"start":{"line":275,"column":6},"end":{"line":275,"column":58}},"52":{"start":{"line":277,"column":6},"end":{"line":277,"column":18}},"53":{"start":{"line":284,"column":17},"end":{"line":284,"column":47}},"54":{"start":{"line":286,"column":21},"end":{"line":289,"column":7}},"55":{"start":{"line":291,"column":6},"end":{"line":291,"column":64}},"56":{"start":{"line":294,"column":6},"end":{"line":304,"column":7}},"57":{"start":{"line":295,"column":8},"end":{"line":299,"column":28}},"58":{"start":{"line":301,"column":8},"end":{"line":303,"column":61}},"59":{"start":{"line":307,"column":6},"end":{"line":307,"column":73}},"60":{"start":{"line":308,"column":6},"end":{"line":308,"column":73}},"61":{"start":{"line":309,"column":6},"end":{"line":309,"column":73}},"62":{"start":{"line":311,"column":6},"end":{"line":311,"column":18}},"63":{"start":{"line":318,"column":21},"end":{"line":318,"column":46}},"64":{"start":{"line":320,"column":6},"end":{"line":326,"column":6}},"65":{"start":{"line":333,"column":6},"end":{"line":352,"column":7}},"66":{"start":{"line":334,"column":8},"end":{"line":351,"column":31}},"67":{"start":{"line":354,"column":6},"end":{"line":359,"column":6}},"68":{"start":{"line":366,"column":24},"end":{"line":366,"column":88}},"69":{"start":{"line":366,"column":72},"end":{"line":366,"column":87}},"70":{"start":{"line":368,"column":6},"end":{"line":380,"column":34}},"71":{"start":{"line":387,"column":6},"end":{"line":404,"column":8}},"72":{"start":{"line":398,"column":10},"end":{"line":398,"column":31}},"73":{"start":{"line":399,"column":10},"end":{"line":399,"column":22}},"74":{"start":{"line":411,"column":6},"end":{"line":440,"column":4}},"75":{"start":{"line":444,"column":2},"end":{"line":444,"column":30}}},"fnMap":{"0":{"name":"(anonymous_0)","decl":{"start":{"line":6,"column":4},"end":{"line":6,"column":5}},"loc":{"start":{"line":6,"column":18},"end":{"line":143,"column":5}},"line":6},"1":{"name":"(anonymous_1)","decl":{"start":{"line":148,"column":4},"end":{"line":148,"column":5}},"loc":{"start":{"line":148,"column":36},"end":{"line":184,"column":5}},"line":148},"2":{"name":"(anonymous_2)","decl":{"start":{"line":179,"column":16},"end":{"line":179,"column":17}},"loc":{"start":{"line":179,"column":31},"end":{"line":179,"column":60}},"line":179},"3":{"name":"(anonymous_3)","decl":{"start":{"line":189,"column":4},"end":{"line":189,"column":5}},"loc":{"start":{"line":189,"column":35},"end":{"line":224,"column":5}},"line":189},"4":{"name":"(anonymous_4)","decl":{"start":{"line":229,"column":4},"end":{"line":229,"column":5}},"loc":{"start":{"line":229,"column":45},"end":{"line":243,"column":5}},"line":229},"5":{"name":"(anonymous_5)","decl":{"start":{"line":248,"column":4},"end":{"line":248,"column":5}},"loc":{"start":{"line":248,"column":44},"end":{"line":278,"column":5}},"line":248},"6":{"name":"(anonymous_6)","decl":{"start":{"line":283,"column":4},"end":{"line":283,"column":5}},"loc":{"start":{"line":283,"column":44},"end":{"line":312,"column":5}},"line":283},"7":{"name":"(anonymous_7)","decl":{"start":{"line":317,"column":4},"end":{"line":317,"column":5}},"loc":{"start":{"line":317,"column":33},"end":{"line":327,"column":5}},"line":317},"8":{"name":"(anonymous_8)","decl":{"start":{"line":332,"column":4},"end":{"line":332,"column":5}},"loc":{"start":{"line":332,"column":28},"end":{"line":360,"column":5}},"line":332},"9":{"name":"(anonymous_9)","decl":{"start":{"line":365,"column":4},"end":{"line":365,"column":5}},"loc":{"start":{"line":365,"column":48},"end":{"line":381,"column":5}},"line":365},"10":{"name":"(anonymous_10)","decl":{"start":{"line":366,"column":67},"end":{"line":366,"column":68}},"loc":{"start":{"line":366,"column":72},"end":{"line":366,"column":87}},"line":366},"11":{"name":"(anonymous_11)","decl":{"start":{"line":386,"column":4},"end":{"line":386,"column":5}},"loc":{"start":{"line":386,"column":38},"end":{"line":405,"column":5}},"line":386},"12":{"name":"(anonymous_12)","decl":{"start":{"line":397,"column":55},"end":{"line":397,"column":56}},"loc":{"start":{"line":397,"column":70},"end":{"line":400,"column":9}},"line":397},"13":{"name":"(anonymous_13)","decl":{"start":{"line":410,"column":4},"end":{"line":410,"column":5}},"loc":{"start":{"line":410,"column":33},"end":{"line":441,"column":5}},"line":410}},"branchMap":{"0":{"loc":{"start":{"line":194,"column":61},"end":{"line":194,"column":92}},"type":"binary-expr","locations":[{"start":{"line":194,"column":61},"end":{"line":194,"column":86}},{"start":{"line":194,"column":90},"end":{"line":194,"column":92}}],"line":194},"1":{"loc":{"start":{"line":195,"column":38},"end":{"line":195,"column":84}},"type":"binary-expr","locations":[{"start":{"line":195,"column":38},"end":{"line":195,"column":76}},{"start":{"line":195,"column":80},"end":{"line":195,"column":84}}],"line":195},"2":{"loc":{"start":{"line":199,"column":6},"end":{"line":219,"column":7}},"type":"switch","locations":[{"start":{"line":200,"column":8},"end":{"line":204,"column":16}},{"start":{"line":205,"column":8},"end":{"line":209,"column":16}},{"start":{"line":210,"column":8},"end":{"line":214,"column":16}},{"start":{"line":215,"column":8},"end":{"line":218,"column":56}}],"line":199},"3":{"loc":{"start":{"line":231,"column":6},"end":{"line":239,"column":7}},"type":"if","locations":[{"start":{"line":231,"column":6},"end":{"line":239,"column":7}},{"start":{"line":233,"column":13},"end":{"line":239,"column":7}}],"line":231},"4":{"loc":{"start":{"line":233,"column":13},"end":{"line":239,"column":7}},"type":"if","locations":[{"start":{"line":233,"column":13},"end":{"line":239,"column":7}},{"start":{"line":235,"column":13},"end":{"line":239,"column":7}}],"line":233},"5":{"loc":{"start":{"line":235,"column":13},"end":{"line":239,"column":7}},"type":"if","locations":[{"start":{"line":235,"column":13},"end":{"line":239,"column":7}},{"start":{"line":237,"column":13},"end":{"line":239,"column":7}}],"line":235},"6":{"loc":{"start":{"line":237,"column":13},"end":{"line":239,"column":7}},"type":"if","locations":[{"start":{"line":237,"column":13},"end":{"line":239,"column":7}},{"start":{},"end":{}}],"line":237},"7":{"loc":{"start":{"line":237,"column":17},"end":{"line":237,"column":77}},"type":"binary-expr","locations":[{"start":{"line":237,"column":17},"end":{"line":237,"column":43}},{"start":{"line":237,"column":47},"end":{"line":237,"column":77}}],"line":237},"8":{"loc":{"start":{"line":258,"column":6},"end":{"line":271,"column":7}},"type":"if","locations":[{"start":{"line":258,"column":6},"end":{"line":271,"column":7}},{"start":{},"end":{}}],"line":258},"9":{"loc":{"start":{"line":287,"column":18},"end":{"line":287,"column":85}},"type":"cond-expr","locations":[{"start":{"line":287,"column":62},"end":{"line":287,"column":74}},{"start":{"line":287,"column":77},"end":{"line":287,"column":85}}],"line":287},"10":{"loc":{"start":{"line":294,"column":6},"end":{"line":304,"column":7}},"type":"if","locations":[{"start":{"line":294,"column":6},"end":{"line":304,"column":7}},{"start":{"line":300,"column":13},"end":{"line":304,"column":7}}],"line":294},"11":{"loc":{"start":{"line":318,"column":21},"end":{"line":318,"column":46}},"type":"binary-expr","locations":[{"start":{"line":318,"column":21},"end":{"line":318,"column":40}},{"start":{"line":318,"column":44},"end":{"line":318,"column":46}}],"line":318},"12":{"loc":{"start":{"line":333,"column":6},"end":{"line":352,"column":7}},"type":"if","locations":[{"start":{"line":333,"column":6},"end":{"line":352,"column":7}},{"start":{},"end":{}}],"line":333}},"s":{"0":1,"1":1,"2":1,"3":1,"4":1,"5":1,"6":1,"7":5,"8":9,"9":9,"10":9,"11":1,"12":1,"13":10,"14":1,"15":1,"16":1,"17":1,"18":1,"19":1,"20":1,"21":1,"22":0,"23":0,"24":0,"25":0,"26":1,"27":1,"28":0,"29":1,"30":1,"31":9,"32":1,"33":8,"34":0,"35":8,"36":1,"37":7,"38":0,"39":7,"40":1,"41":1,"42":1,"43":1,"44":1,"45":1,"46":0,"47":0,"48":0,"49":1,"50":1,"51":1,"52":1,"53":0,"54":0,"55":0,"56":0,"57":0,"58":0,"59":0,"60":0,"61":0,"62":0,"63":1,"64":1,"65":0,"66":0,"67":0,"68":7,"69":7,"70":7,"71":1,"72":4,"73":4,"74":1,"75":1},"f":{"0":1,"1":1,"2":10,"3":1,"4":9,"5":1,"6":0,"7":1,"8":0,"9":7,"10":7,"11":1,"12":4,"13":1},"b":{"0":[1,0],"1":[1,0],"2":[0,0,1,0],"3":[1,8],"4":[0,8],"5":[1,7],"6":[0,7],"7":[7,7],"8":[0,1],"9":[0,0],"10":[0,0],"11":[1,0],"12":[0,0]},"_coverageSchema":"1a1c01bbd47fc00a2c39e90264f33305004495a9","hash":"48daf0cda316c51f6bf8d4dd552626272b2e02af"}
,"C:\\Users\\daniel.moraes\\ABBA-1\\backend\\src\\agents\\deployer.js": {"path":"C:\\Users\\daniel.moraes\\ABBA-1\\backend\\src\\agents\\deployer.js","statementMap":{"0":{"start":{"line":2,"column":11},"end":{"line":2,"column":33}},"1":{"start":{"line":3,"column":13},"end":{"line":3,"column":28}},"2":{"start":{"line":7,"column":4},"end":{"line":7,"column":27}},"3":{"start":{"line":8,"column":4},"end":{"line":8,"column":68}},"4":{"start":{"line":9,"column":4},"end":{"line":9,"column":41}},"5":{"start":{"line":13,"column":4},"end":{"line":17,"column":5}},"6":{"start":{"line":14,"column":6},"end":{"line":14,"column":63}},"7":{"start":{"line":16,"column":6},"end":{"line":16,"column":69}},"8":{"start":{"line":21,"column":4},"end":{"line":21,"column":68}},"9":{"start":{"line":23,"column":25},"end":{"line":23,"column":53}},"10":{"start":{"line":24,"column":22},"end":{"line":24,"column":66}},"11":{"start":{"line":26,"column":4},"end":{"line":26,"column":51}},"12":{"start":{"line":29,"column":4},"end":{"line":32,"column":6}},"13":{"start":{"line":36,"column":4},"end":{"line":48,"column":5}},"14":{"start":{"line":38,"column":8},"end":{"line":38,"column":84}},"15":{"start":{"line":39,"column":8},"end":{"line":39,"column":14}},"16":{"start":{"line":41,"column":8},"end":{"line":41,"column":88}},"17":{"start":{"line":42,"column":8},"end":{"line":42,"column":14}},"18":{"start":{"line":44,"column":8},"end":{"line":44,"column":88}},"19":{"start":{"line":45,"column":8},"end":{"line":45,"column":14}},"20":{"start":{"line":47,"column":8},"end":{"line":47,"column":84}},"21":{"start":{"line":50,"column":4},"end":{"line":50,"column":82}},"22":{"start":{"line":52,"column":4},"end":{"line":58,"column":6}},"23":{"start":{"line":62,"column":18},"end":{"line":62,"column":20}},"24":{"start":{"line":65,"column":23},"end":{"line":93,"column":1}},"25":{"start":{"line":95,"column":4},"end":{"line":95,"column":71}},"26":{"start":{"line":96,"column":4},"end":{"line":96,"column":29}},"27":{"start":{"line":99,"column":26},"end":{"line":128,"column":1}},"28":{"start":{"line":130,"column":4},"end":{"line":130,"column":82}},"29":{"start":{"line":131,"column":4},"end":{"line":131,"column":37}},"30":{"start":{"line":134,"column":25},"end":{"line":144,"column":1}},"31":{"start":{"line":146,"column":4},"end":{"line":146,"column":76}},"32":{"start":{"line":147,"column":4},"end":{"line":147,"column":32}},"33":{"start":{"line":150,"column":24},"end":{"line":173,"column":5}},"34":{"start":{"line":175,"column":4},"end":{"line":178,"column":6}},"35":{"start":{"line":179,"column":4},"end":{"line":179,"column":31}},"36":{"start":{"line":182,"column":24},"end":{"line":197,"column":1}},"37":{"start":{"line":199,"column":4},"end":{"line":199,"column":74}},"38":{"start":{"line":200,"column":4},"end":{"line":200,"column":31}},"39":{"start":{"line":203,"column":24},"end":{"line":222,"column":1}},"40":{"start":{"line":224,"column":4},"end":{"line":224,"column":76}},"41":{"start":{"line":225,"column":4},"end":{"line":225,"column":33}},"42":{"start":{"line":228,"column":25},"end":{"line":257,"column":1}},"43":{"start":{"line":259,"column":4},"end":{"line":259,"column":72}},"44":{"start":{"line":260,"column":4},"end":{"line":260,"column":61}},"45":{"start":{"line":261,"column":4},"end":{"line":261,"column":28}},"46":{"start":{"line":263,"column":4},"end":{"line":263,"column":17}},"47":{"start":{"line":267,"column":18},"end":{"line":267,"column":20}},"48":{"start":{"line":270,"column":29},"end":{"line":307,"column":1}},"49":{"start":{"line":309,"column":4},"end":{"line":309,"column":81}},"50":{"start":{"line":310,"column":4},"end":{"line":310,"column":33}},"51":{"start":{"line":313,"column":20},"end":{"line":337,"column":1}},"52":{"start":{"line":339,"column":4},"end":{"line":339,"column":68}},"53":{"start":{"line":340,"column":4},"end":{"line":340,"column":29}},"54":{"start":{"line":342,"column":4},"end":{"line":342,"column":17}},"55":{"start":{"line":346,"column":18},"end":{"line":346,"column":20}},"56":{"start":{"line":349,"column":26},"end":{"line":408,"column":1}},"57":{"start":{"line":410,"column":4},"end":{"line":410,"column":83}},"58":{"start":{"line":411,"column":4},"end":{"line":411,"column":38}},"59":{"start":{"line":413,"column":4},"end":{"line":413,"column":17}},"60":{"start":{"line":417,"column":25},"end":{"line":483,"column":5}},"61":{"start":{"line":485,"column":4},"end":{"line":485,"column":53}},"62":{"start":{"line":489,"column":0},"end":{"line":489,"column":31}}},"fnMap":{"0":{"name":"(anonymous_0)","decl":{"start":{"line":6,"column":2},"end":{"line":6,"column":3}},"loc":{"start":{"line":6,"column":16},"end":{"line":10,"column":3}},"line":6},"1":{"name":"(anonymous_1)","decl":{"start":{"line":12,"column":2},"end":{"line":12,"column":3}},"loc":{"start":{"line":12,"column":40},"end":{"line":18,"column":3}},"line":12},"2":{"name":"(anonymous_2)","decl":{"start":{"line":20,"column":2},"end":{"line":20,"column":3}},"loc":{"start":{"line":20,"column":69},"end":{"line":59,"column":3}},"line":20},"3":{"name":"(anonymous_3)","decl":{"start":{"line":61,"column":2},"end":{"line":61,"column":3}},"loc":{"start":{"line":61,"column":55},"end":{"line":264,"column":3}},"line":61},"4":{"name":"(anonymous_4)","decl":{"start":{"line":266,"column":2},"end":{"line":266,"column":3}},"loc":{"start":{"line":266,"column":59},"end":{"line":343,"column":3}},"line":266},"5":{"name":"(anonymous_5)","decl":{"start":{"line":345,"column":2},"end":{"line":345,"column":3}},"loc":{"start":{"line":345,"column":59},"end":{"line":414,"column":3}},"line":345},"6":{"name":"(anonymous_6)","decl":{"start":{"line":416,"column":2},"end":{"line":416,"column":3}},"loc":{"start":{"line":416,"column":45},"end":{"line":486,"column":3}},"line":416}},"branchMap":{"0":{"loc":{"start":{"line":20,"column":42},"end":{"line":20,"column":67}},"type":"default-arg","locations":[{"start":{"line":20,"column":59},"end":{"line":20,"column":67}}],"line":20},"1":{"loc":{"start":{"line":36,"column":4},"end":{"line":48,"column":5}},"type":"switch","locations":[{"start":{"line":37,"column":6},"end":{"line":39,"column":14}},{"start":{"line":40,"column":6},"end":{"line":42,"column":14}},{"start":{"line":43,"column":6},"end":{"line":45,"column":14}},{"start":{"line":46,"column":6},"end":{"line":47,"column":84}}],"line":36},"2":{"loc":{"start":{"line":485,"column":11},"end":{"line":485,"column":52}},"type":"binary-expr","locations":[{"start":{"line":485,"column":11},"end":{"line":485,"column":29}},{"start":{"line":485,"column":33},"end":{"line":485,"column":52}}],"line":485}},"s":{"0":1,"1":1,"2":1,"3":1,"4":1,"5":1,"6":1,"7":0,"8":0,"9":0,"10":0,"11":0,"12":0,"13":0,"14":0,"15":0,"16":0,"17":0,"18":0,"19":0,"20":0,"21":0,"22":0,"23":0,"24":0,"25":0,"26":0,"27":0,"28":0,"29":0,"30":0,"31":0,"32":0,"33":0,"34":0,"35":0,"36":0,"37":0,"38":0,"39":0,"40":0,"41":0,"42":0,"43":0,"44":0,"45":0,"46":0,"47":0,"48":0,"49":0,"50":0,"51":0,"52":0,"53":0,"54":0,"55":0,"56":0,"57":0,"58":0,"59":0,"60":0,"61":0,"62":1},"f":{"0":1,"1":1,"2":0,"3":0,"4":0,"5":0,"6":0},"b":{"0":[0],"1":[0,0,0,0],"2":[0,0]},"_coverageSchema":"1a1c01bbd47fc00a2c39e90264f33305004495a9","hash":"a786c7293bc324d8de10ee0bf03d74ecabd55767"}
,"C:\\Users\\daniel.moraes\\ABBA-1\\backend\\src\\agents\\interpreter.js": {"path":"C:\\Users\\daniel.moraes\\ABBA-1\\backend\\src\\agents\\interpreter.js","statementMap":{"0":{"start":{"line":7,"column":6},"end":{"line":7,"column":30}},"1":{"start":{"line":10,"column":6},"end":{"line":20,"column":8}},"2":{"start":{"line":23,"column":6},"end":{"line":30,"column":8}},"3":{"start":{"line":33,"column":6},"end":{"line":41,"column":8}},"4":{"start":{"line":48,"column":26},"end":{"line":48,"column":64}},"5":{"start":{"line":50,"column":6},"end":{"line":50,"column":59}},"6":{"start":{"line":51,"column":6},"end":{"line":51,"column":41}},"7":{"start":{"line":54,"column":29},"end":{"line":81,"column":7}},"8":{"start":{"line":83,"column":6},"end":{"line":83,"column":52}},"9":{"start":{"line":84,"column":6},"end":{"line":84,"column":70}},"10":{"start":{"line":85,"column":6},"end":{"line":85,"column":59}},"11":{"start":{"line":86,"column":6},"end":{"line":86,"column":71}},"12":{"start":{"line":88,"column":6},"end":{"line":88,"column":28}},"13":{"start":{"line":95,"column":20},"end":{"line":95,"column":29}},"14":{"start":{"line":96,"column":24},"end":{"line":96,"column":42}},"15":{"start":{"line":98,"column":6},"end":{"line":105,"column":7}},"16":{"start":{"line":99,"column":8},"end":{"line":104,"column":9}},"17":{"start":{"line":100,"column":10},"end":{"line":103,"column":11}},"18":{"start":{"line":101,"column":12},"end":{"line":101,"column":34}},"19":{"start":{"line":102,"column":12},"end":{"line":102,"column":18}},"20":{"start":{"line":107,"column":6},"end":{"line":107,"column":62}},"21":{"start":{"line":114,"column":24},"end":{"line":114,"column":42}},"22":{"start":{"line":115,"column":22},"end":{"line":115,"column":33}},"23":{"start":{"line":116,"column":23},"end":{"line":116,"column":24}},"24":{"start":{"line":118,"column":6},"end":{"line":130,"column":7}},"25":{"start":{"line":119,"column":22},"end":{"line":119,"column":23}},"26":{"start":{"line":120,"column":8},"end":{"line":124,"column":9}},"27":{"start":{"line":121,"column":10},"end":{"line":123,"column":11}},"28":{"start":{"line":122,"column":12},"end":{"line":122,"column":22}},"29":{"start":{"line":126,"column":8},"end":{"line":129,"column":9}},"30":{"start":{"line":127,"column":10},"end":{"line":127,"column":31}},"31":{"start":{"line":128,"column":10},"end":{"line":128,"column":27}},"32":{"start":{"line":132,"column":6},"end":{"line":132,"column":23}},"33":{"start":{"line":139,"column":20},"end":{"line":139,"column":29}},"34":{"start":{"line":140,"column":24},"end":{"line":140,"column":42}},"35":{"start":{"line":142,"column":6},"end":{"line":149,"column":7}},"36":{"start":{"line":143,"column":8},"end":{"line":148,"column":9}},"37":{"start":{"line":144,"column":10},"end":{"line":147,"column":11}},"38":{"start":{"line":145,"column":12},"end":{"line":145,"column":30}},"39":{"start":{"line":146,"column":12},"end":{"line":146,"column":18}},"40":{"start":{"line":152,"column":6},"end":{"line":152,"column":58}},"41":{"start":{"line":159,"column":24},"end":{"line":159,"column":46}},"42":{"start":{"line":160,"column":27},"end":{"line":160,"column":57}},"43":{"start":{"line":161,"column":29},"end":{"line":161,"column":66}},"44":{"start":{"line":162,"column":31},"end":{"line":162,"column":74}},"45":{"start":{"line":165,"column":18},"end":{"line":165,"column":19}},"46":{"start":{"line":166,"column":6},"end":{"line":166,"column":59}},"47":{"start":{"line":167,"column":6},"end":{"line":167,"column":77}},"48":{"start":{"line":168,"column":6},"end":{"line":168,"column":38}},"49":{"start":{"line":169,"column":6},"end":{"line":169,"column":40}},"50":{"start":{"line":171,"column":6},"end":{"line":171,"column":39}},"51":{"start":{"line":171,"column":22},"end":{"line":171,"column":39}},"52":{"start":{"line":172,"column":6},"end":{"line":172,"column":38}},"53":{"start":{"line":172,"column":22},"end":{"line":172,"column":38}},"54":{"start":{"line":173,"column":6},"end":{"line":173,"column":22}},"55":{"start":{"line":180,"column":19},"end":{"line":180,"column":47}},"56":{"start":{"line":181,"column":27},"end":{"line":181,"column":57}},"57":{"start":{"line":183,"column":24},"end":{"line":190,"column":7}},"58":{"start":{"line":192,"column":23},"end":{"line":192,"column":49}},"59":{"start":{"line":193,"column":29},"end":{"line":194,"column":79}},"60":{"start":{"line":196,"column":24},"end":{"line":196,"column":55}},"61":{"start":{"line":198,"column":6},"end":{"line":200,"column":35}},"62":{"start":{"line":207,"column":20},"end":{"line":207,"column":29}},"63":{"start":{"line":208,"column":24},"end":{"line":208,"column":42}},"64":{"start":{"line":211,"column":6},"end":{"line":214,"column":7}},"65":{"start":{"line":211,"column":50},"end":{"line":211,"column":71}},"66":{"start":{"line":212,"column":8},"end":{"line":212,"column":34}},"67":{"start":{"line":213,"column":8},"end":{"line":213,"column":34}},"68":{"start":{"line":216,"column":6},"end":{"line":219,"column":7}},"69":{"start":{"line":216,"column":53},"end":{"line":216,"column":74}},"70":{"start":{"line":217,"column":8},"end":{"line":217,"column":38}},"71":{"start":{"line":218,"column":8},"end":{"line":218,"column":37}},"72":{"start":{"line":221,"column":6},"end":{"line":224,"column":7}},"73":{"start":{"line":221,"column":53},"end":{"line":221,"column":74}},"74":{"start":{"line":222,"column":8},"end":{"line":222,"column":36}},"75":{"start":{"line":223,"column":8},"end":{"line":223,"column":37}},"76":{"start":{"line":226,"column":6},"end":{"line":229,"column":7}},"77":{"start":{"line":226,"column":53},"end":{"line":226,"column":74}},"78":{"start":{"line":227,"column":8},"end":{"line":227,"column":37}},"79":{"start":{"line":228,"column":8},"end":{"line":228,"column":39}},"80":{"start":{"line":231,"column":6},"end":{"line":234,"column":7}},"81":{"start":{"line":231,"column":48},"end":{"line":231,"column":69}},"82":{"start":{"line":232,"column":8},"end":{"line":232,"column":33}},"83":{"start":{"line":233,"column":8},"end":{"line":233,"column":37}},"84":{"start":{"line":236,"column":6},"end":{"line":236,"column":31}},"85":{"start":{"line":243,"column":30},"end":{"line":243,"column":88}},"86":{"start":{"line":244,"column":24},"end":{"line":244,"column":42}},"87":{"start":{"line":245,"column":6},"end":{"line":245,"column":74}},"88":{"start":{"line":245,"column":45},"end":{"line":245,"column":72}},"89":{"start":{"line":252,"column":25},"end":{"line":258,"column":7}},"90":{"start":{"line":260,"column":24},"end":{"line":260,"column":42}},"91":{"start":{"line":262,"column":6},"end":{"line":266,"column":7}},"92":{"start":{"line":263,"column":8},"end":{"line":265,"column":9}},"93":{"start":{"line":263,"column":37},"end":{"line":263,"column":64}},"94":{"start":{"line":264,"column":10},"end":{"line":264,"column":26}},"95":{"start":{"line":268,"column":6},"end":{"line":268,"column":23}},"96":{"start":{"line":272,"column":2},"end":{"line":272,"column":36}}},"fnMap":{"0":{"name":"(anonymous_0)","decl":{"start":{"line":6,"column":4},"end":{"line":6,"column":5}},"loc":{"start":{"line":6,"column":18},"end":{"line":42,"column":5}},"line":6},"1":{"name":"(anonymous_1)","decl":{"start":{"line":47,"column":4},"end":{"line":47,"column":5}},"loc":{"start":{"line":47,"column":36},"end":{"line":89,"column":5}},"line":47},"2":{"name":"(anonymous_2)","decl":{"start":{"line":94,"column":4},"end":{"line":94,"column":5}},"loc":{"start":{"line":94,"column":30},"end":{"line":108,"column":5}},"line":94},"3":{"name":"(anonymous_3)","decl":{"start":{"line":113,"column":4},"end":{"line":113,"column":5}},"loc":{"start":{"line":113,"column":28},"end":{"line":133,"column":5}},"line":113},"4":{"name":"(anonymous_4)","decl":{"start":{"line":138,"column":4},"end":{"line":138,"column":5}},"loc":{"start":{"line":138,"column":33},"end":{"line":153,"column":5}},"line":138},"5":{"name":"(anonymous_5)","decl":{"start":{"line":158,"column":4},"end":{"line":158,"column":5}},"loc":{"start":{"line":158,"column":27},"end":{"line":174,"column":5}},"line":158},"6":{"name":"(anonymous_6)","decl":{"start":{"line":179,"column":4},"end":{"line":179,"column":5}},"loc":{"start":{"line":179,"column":22},"end":{"line":201,"column":5}},"line":179},"7":{"name":"(anonymous_7)","decl":{"start":{"line":206,"column":4},"end":{"line":206,"column":5}},"loc":{"start":{"line":206,"column":32},"end":{"line":237,"column":5}},"line":206},"8":{"name":"(anonymous_8)","decl":{"start":{"line":211,"column":45},"end":{"line":211,"column":46}},"loc":{"start":{"line":211,"column":50},"end":{"line":211,"column":71}},"line":211},"9":{"name":"(anonymous_9)","decl":{"start":{"line":216,"column":48},"end":{"line":216,"column":49}},"loc":{"start":{"line":216,"column":53},"end":{"line":216,"column":74}},"line":216},"10":{"name":"(anonymous_10)","decl":{"start":{"line":221,"column":48},"end":{"line":221,"column":49}},"loc":{"start":{"line":221,"column":53},"end":{"line":221,"column":74}},"line":221},"11":{"name":"(anonymous_11)","decl":{"start":{"line":226,"column":48},"end":{"line":226,"column":49}},"loc":{"start":{"line":226,"column":53},"end":{"line":226,"column":74}},"line":226},"12":{"name":"(anonymous_12)","decl":{"start":{"line":231,"column":43},"end":{"line":231,"column":44}},"loc":{"start":{"line":231,"column":48},"end":{"line":231,"column":69}},"line":231},"13":{"name":"(anonymous_13)","decl":{"start":{"line":242,"column":4},"end":{"line":242,"column":5}},"loc":{"start":{"line":242,"column":24},"end":{"line":246,"column":5}},"line":242},"14":{"name":"(anonymous_14)","decl":{"start":{"line":245,"column":34},"end":{"line":245,"column":35}},"loc":{"start":{"line":245,"column":45},"end":{"line":245,"column":72}},"line":245},"15":{"name":"(anonymous_15)","decl":{"start":{"line":251,"column":4},"end":{"line":251,"column":5}},"loc":{"start":{"line":251,"column":25},"end":{"line":269,"column":5}},"line":251},"16":{"name":"(anonymous_16)","decl":{"start":{"line":263,"column":26},"end":{"line":263,"column":27}},"loc":{"start":{"line":263,"column":37},"end":{"line":263,"column":64}},"line":263}},"branchMap":{"0":{"loc":{"start":{"line":48,"column":26},"end":{"line":48,"column":64}},"type":"binary-expr","locations":[{"start":{"line":48,"column":26},"end":{"line":48,"column":53}},{"start":{"line":48,"column":57},"end":{"line":48,"column":64}}],"line":48},"1":{"loc":{"start":{"line":100,"column":10},"end":{"line":103,"column":11}},"type":"if","locations":[{"start":{"line":100,"column":10},"end":{"line":103,"column":11}},{"start":{},"end":{}}],"line":100},"2":{"loc":{"start":{"line":107,"column":13},"end":{"line":107,"column":61}},"type":"cond-expr","locations":[{"start":{"line":107,"column":30},"end":{"line":107,"column":47}},{"start":{"line":107,"column":50},"end":{"line":107,"column":61}}],"line":107},"3":{"loc":{"start":{"line":121,"column":10},"end":{"line":123,"column":11}},"type":"if","locations":[{"start":{"line":121,"column":10},"end":{"line":123,"column":11}},{"start":{},"end":{}}],"line":121},"4":{"loc":{"start":{"line":126,"column":8},"end":{"line":129,"column":9}},"type":"if","locations":[{"start":{"line":126,"column":8},"end":{"line":129,"column":9}},{"start":{},"end":{}}],"line":126},"5":{"loc":{"start":{"line":144,"column":10},"end":{"line":147,"column":11}},"type":"if","locations":[{"start":{"line":144,"column":10},"end":{"line":147,"column":11}},{"start":{},"end":{}}],"line":144},"6":{"loc":{"start":{"line":152,"column":13},"end":{"line":152,"column":57}},"type":"cond-expr","locations":[{"start":{"line":152,"column":30},"end":{"line":152,"column":47}},{"start":{"line":152,"column":50},"end":{"line":152,"column":57}}],"line":152},"7":{"loc":{"start":{"line":162,"column":31},"end":{"line":162,"column":74}},"type":"binary-expr","locations":[{"start":{"line":162,"column":31},"end":{"line":162,"column":51}},{"start":{"line":162,"column":55},"end":{"line":162,"column":74}}],"line":162},"8":{"loc":{"start":{"line":166,"column":15},"end":{"line":166,"column":58}},"type":"cond-expr","locations":[{"start":{"line":166,"column":32},"end":{"line":166,"column":33}},{"start":{"line":166,"column":36},"end":{"line":166,"column":58}}],"line":166},"9":{"loc":{"start":{"line":166,"column":36},"end":{"line":166,"column":58}},"type":"cond-expr","locations":[{"start":{"line":166,"column":53},"end":{"line":166,"column":54}},{"start":{"line":166,"column":57},"end":{"line":166,"column":58}}],"line":166},"10":{"loc":{"start":{"line":167,"column":15},"end":{"line":167,"column":76}},"type":"cond-expr","locations":[{"start":{"line":167,"column":41},"end":{"line":167,"column":42}},{"start":{"line":167,"column":45},"end":{"line":167,"column":76}}],"line":167},"11":{"loc":{"start":{"line":167,"column":45},"end":{"line":167,"column":76}},"type":"cond-expr","locations":[{"start":{"line":167,"column":71},"end":{"line":167,"column":72}},{"start":{"line":167,"column":75},"end":{"line":167,"column":76}}],"line":167},"12":{"loc":{"start":{"line":168,"column":15},"end":{"line":168,"column":37}},"type":"cond-expr","locations":[{"start":{"line":168,"column":32},"end":{"line":168,"column":33}},{"start":{"line":168,"column":36},"end":{"line":168,"column":37}}],"line":168},"13":{"loc":{"start":{"line":169,"column":15},"end":{"line":169,"column":39}},"type":"cond-expr","locations":[{"start":{"line":169,"column":34},"end":{"line":169,"column":35}},{"start":{"line":169,"column":38},"end":{"line":169,"column":39}}],"line":169},"14":{"loc":{"start":{"line":171,"column":6},"end":{"line":171,"column":39}},"type":"if","locations":[{"start":{"line":171,"column":6},"end":{"line":171,"column":39}},{"start":{},"end":{}}],"line":171},"15":{"loc":{"start":{"line":172,"column":6},"end":{"line":172,"column":38}},"type":"if","locations":[{"start":{"line":172,"column":6},"end":{"line":172,"column":38}},{"start":{},"end":{}}],"line":172},"16":{"loc":{"start":{"line":192,"column":23},"end":{"line":192,"column":49}},"type":"binary-expr","locations":[{"start":{"line":192,"column":23},"end":{"line":192,"column":38}},{"start":{"line":192,"column":42},"end":{"line":192,"column":49}}],"line":192},"17":{"loc":{"start":{"line":193,"column":29},"end":{"line":194,"column":79}},"type":"cond-expr","locations":[{"start":{"line":194,"column":8},"end":{"line":194,"column":74}},{"start":{"line":194,"column":77},"end":{"line":194,"column":79}}],"line":193},"18":{"loc":{"start":{"line":198,"column":13},"end":{"line":200,"column":34}},"type":"cond-expr","locations":[{"start":{"line":199,"column":8},"end":{"line":199,"column":52}},{"start":{"line":200,"column":8},"end":{"line":200,"column":34}}],"line":198},"19":{"loc":{"start":{"line":211,"column":6},"end":{"line":214,"column":7}},"type":"if","locations":[{"start":{"line":211,"column":6},"end":{"line":214,"column":7}},{"start":{},"end":{}}],"line":211},"20":{"loc":{"start":{"line":216,"column":6},"end":{"line":219,"column":7}},"type":"if","locations":[{"start":{"line":216,"column":6},"end":{"line":219,"column":7}},{"start":{},"end":{}}],"line":216},"21":{"loc":{"start":{"line":221,"column":6},"end":{"line":224,"column":7}},"type":"if","locations":[{"start":{"line":221,"column":6},"end":{"line":224,"column":7}},{"start":{},"end":{}}],"line":221},"22":{"loc":{"start":{"line":226,"column":6},"end":{"line":229,"column":7}},"type":"if","locations":[{"start":{"line":226,"column":6},"end":{"line":229,"column":7}},{"start":{},"end":{}}],"line":226},"23":{"loc":{"start":{"line":231,"column":6},"end":{"line":234,"column":7}},"type":"if","locations":[{"start":{"line":231,"column":6},"end":{"line":234,"column":7}},{"start":{},"end":{}}],"line":231},"24":{"loc":{"start":{"line":263,"column":8},"end":{"line":265,"column":9}},"type":"if","locations":[{"start":{"line":263,"column":8},"end":{"line":265,"column":9}},{"start":{},"end":{}}],"line":263}},"s":{"0":1,"1":1,"2":1,"3":1,"4":1,"5":1,"6":1,"7":1,"8":1,"9":1,"10":1,"11":1,"12":1,"13":3,"14":3,"15":3,"16":27,"17":153,"18":0,"19":0,"20":3,"21":2,"22":2,"23":2,"24":2,"25":12,"26":12,"27":64,"28":0,"29":12,"30":0,"31":0,"32":2,"33":1,"34":1,"35":1,"36":7,"37":15,"38":0,"39":0,"40":1,"41":1,"42":1,"43":1,"44":1,"45":1,"46":1,"47":1,"48":1,"49":1,"50":1,"51":0,"52":1,"53":0,"54":1,"55":1,"56":1,"57":1,"58":1,"59":1,"60":1,"61":1,"62":1,"63":1,"64":1,"65":7,"66":0,"67":0,"68":1,"69":6,"70":0,"71":0,"72":1,"73":6,"74":0,"75":0,"76":1,"77":5,"78":0,"79":0,"80":1,"81":5,"82":0,"83":0,"84":1,"85":1,"86":1,"87":1,"88":6,"89":1,"90":1,"91":1,"92":5,"93":26,"94":0,"95":1,"96":1},"f":{"0":1,"1":1,"2":3,"3":2,"4":1,"5":1,"6":1,"7":1,"8":7,"9":6,"10":6,"11":5,"12":5,"13":1,"14":6,"15":1,"16":26},"b":{"0":[1,0],"1":[0,153],"2":[0,3],"3":[0,64],"4":[0,12],"5":[0,15],"6":[0,1],"7":[1,1],"8":[0,1],"9":[0,1],"10":[0,1],"11":[0,1],"12":[0,1],"13":[0,1],"14":[0,1],"15":[0,1],"16":[1,0],"17":[0,1],"18":[0,1],"19":[0,1],"20":[0,1],"21":[0,1],"22":[0,1],"23":[0,1],"24":[0,5]},"_coverageSchema":"1a1c01bbd47fc00a2c39e90264f33305004495a9","hash":"e3139bb9548f0f5f0310f8c638294dae21a2cbde"}
,"C:\\Users\\daniel.moraes\\ABBA-1\\backend\\src\\agents\\monitor.js": {"path":"C:\\Users\\daniel.moraes\\ABBA-1\\backend\\src\\agents\\monitor.js","statementMap":{"0":{"start":{"line":2,"column":11},"end":{"line":2,"column":33}},"1":{"start":{"line":3,"column":13},"end":{"line":3,"column":28}},"2":{"start":{"line":7,"column":4},"end":{"line":7,"column":26}},"3":{"start":{"line":8,"column":4},"end":{"line":8,"column":19}},"4":{"start":{"line":9,"column":4},"end":{"line":16,"column":6}},"5":{"start":{"line":17,"column":4},"end":{"line":17,"column":53}},"6":{"start":{"line":18,"column":4},"end":{"line":18,"column":34}},"7":{"start":{"line":22,"column":4},"end":{"line":26,"column":5}},"8":{"start":{"line":23,"column":6},"end":{"line":23,"column":55}},"9":{"start":{"line":25,"column":6},"end":{"line":25,"column":62}},"10":{"start":{"line":30,"column":22},"end":{"line":37,"column":5}},"11":{"start":{"line":39,"column":24},"end":{"line":39,"column":52}},"12":{"start":{"line":40,"column":4},"end":{"line":40,"column":30}},"13":{"start":{"line":42,"column":4},"end":{"line":46,"column":7}},"14":{"start":{"line":49,"column":22},"end":{"line":49,"column":32}},"15":{"start":{"line":51,"column":4},"end":{"line":70,"column":6}},"16":{"start":{"line":56,"column":8},"end":{"line":56,"column":52}},"17":{"start":{"line":57,"column":8},"end":{"line":57,"column":58}},"18":{"start":{"line":58,"column":8},"end":{"line":58,"column":34}},"19":{"start":{"line":59,"column":8},"end":{"line":59,"column":32}},"20":{"start":{"line":61,"column":8},"end":{"line":61,"column":40}},"21":{"start":{"line":62,"column":8},"end":{"line":62,"column":38}},"22":{"start":{"line":64,"column":8},"end":{"line":66,"column":9}},"23":{"start":{"line":65,"column":10},"end":{"line":65,"column":62}},"24":{"start":{"line":68,"column":8},"end":{"line":68,"column":25}},"25":{"start":{"line":74,"column":24},"end":{"line":74,"column":90}},"26":{"start":{"line":75,"column":20},"end":{"line":75,"column":55}},"27":{"start":{"line":77,"column":21},"end":{"line":81,"column":20}},"28":{"start":{"line":83,"column":4},"end":{"line":87,"column":5}},"29":{"start":{"line":84,"column":6},"end":{"line":84,"column":45}},"30":{"start":{"line":86,"column":6},"end":{"line":86,"column":51}},"31":{"start":{"line":91,"column":4},"end":{"line":91,"column":30}},"32":{"start":{"line":93,"column":4},"end":{"line":95,"column":5}},"33":{"start":{"line":94,"column":6},"end":{"line":94,"column":28}},"34":{"start":{"line":98,"column":23},"end":{"line":98,"column":55}},"35":{"start":{"line":99,"column":4},"end":{"line":100,"column":98}},"36":{"start":{"line":103,"column":4},"end":{"line":107,"column":7}},"37":{"start":{"line":111,"column":4},"end":{"line":116,"column":7}},"38":{"start":{"line":119,"column":28},"end":{"line":119,"column":73}},"39":{"start":{"line":120,"column":23},"end":{"line":124,"column":20}},"40":{"start":{"line":126,"column":4},"end":{"line":126,"column":53}},"41":{"start":{"line":129,"column":4},"end":{"line":135,"column":5}},"42":{"start":{"line":130,"column":6},"end":{"line":134,"column":9}},"43":{"start":{"line":139,"column":22},"end":{"line":141,"column":9}},"44":{"start":{"line":143,"column":19},"end":{"line":143,"column":51}},"45":{"start":{"line":144,"column":24},"end":{"line":144,"column":52}},"46":{"start":{"line":145,"column":26},"end":{"line":145,"column":64}},"47":{"start":{"line":147,"column":19},"end":{"line":161,"column":5}},"48":{"start":{"line":157,"column":93},"end":{"line":160,"column":7}},"49":{"start":{"line":163,"column":4},"end":{"line":163,"column":18}},"50":{"start":{"line":167,"column":19},"end":{"line":184,"column":5}},"51":{"start":{"line":176,"column":94},"end":{"line":181,"column":7}},"52":{"start":{"line":186,"column":23},"end":{"line":186,"column":81}},"53":{"start":{"line":187,"column":4},"end":{"line":187,"column":68}},"54":{"start":{"line":189,"column":4},"end":{"line":196,"column":7}},"55":{"start":{"line":198,"column":4},"end":{"line":198,"column":18}},"56":{"start":{"line":202,"column":24},"end":{"line":202,"column":26}},"57":{"start":{"line":203,"column":4},"end":{"line":208,"column":9}},"58":{"start":{"line":204,"column":21},"end":{"line":204,"column":30}},"59":{"start":{"line":206,"column":25},"end":{"line":206,"column":55}},"60":{"start":{"line":207,"column":8},"end":{"line":207,"column":65}},"61":{"start":{"line":210,"column":4},"end":{"line":213,"column":51}},"62":{"start":{"line":211,"column":22},"end":{"line":211,"column":33}},"63":{"start":{"line":213,"column":32},"end":{"line":213,"column":48}},"64":{"start":{"line":217,"column":28},"end":{"line":217,"column":30}},"65":{"start":{"line":219,"column":22},"end":{"line":219,"column":75}},"66":{"start":{"line":220,"column":4},"end":{"line":222,"column":5}},"67":{"start":{"line":221,"column":6},"end":{"line":221,"column":95}},"68":{"start":{"line":224,"column":4},"end":{"line":226,"column":5}},"69":{"start":{"line":225,"column":6},"end":{"line":225,"column":94}},"70":{"start":{"line":228,"column":27},"end":{"line":233,"column":8}},"71":{"start":{"line":230,"column":24},"end":{"line":230,"column":52}},"72":{"start":{"line":231,"column":30},"end":{"line":231,"column":62}},"73":{"start":{"line":232,"column":8},"end":{"line":232,"column":34}},"74":{"start":{"line":235,"column":4},"end":{"line":237,"column":5}},"75":{"start":{"line":236,"column":6},"end":{"line":236,"column":96}},"76":{"start":{"line":239,"column":4},"end":{"line":241,"column":5}},"77":{"start":{"line":240,"column":6},"end":{"line":240,"column":80}},"78":{"start":{"line":243,"column":4},"end":{"line":243,"column":27}},"79":{"start":{"line":247,"column":4},"end":{"line":250,"column":7}},"80":{"start":{"line":256,"column":18},"end":{"line":256,"column":47}},"81":{"start":{"line":257,"column":16},"end":{"line":257,"column":26}},"82":{"start":{"line":258,"column":22},"end":{"line":258,"column":45}},"83":{"start":{"line":260,"column":4},"end":{"line":267,"column":5}},"84":{"start":{"line":261,"column":23},"end":{"line":261,"column":51}},"85":{"start":{"line":262,"column":20},"end":{"line":262,"column":43}},"86":{"start":{"line":263,"column":6},"end":{"line":266,"column":7}},"87":{"start":{"line":264,"column":8},"end":{"line":264,"column":34}},"88":{"start":{"line":265,"column":8},"end":{"line":265,"column":48}},"89":{"start":{"line":271,"column":0},"end":{"line":271,"column":30}}},"fnMap":{"0":{"name":"(anonymous_0)","decl":{"start":{"line":6,"column":2},"end":{"line":6,"column":3}},"loc":{"start":{"line":6,"column":16},"end":{"line":19,"column":3}},"line":6},"1":{"name":"(anonymous_1)","decl":{"start":{"line":21,"column":2},"end":{"line":21,"column":3}},"loc":{"start":{"line":21,"column":33},"end":{"line":27,"column":3}},"line":21},"2":{"name":"(anonymous_2)","decl":{"start":{"line":29,"column":2},"end":{"line":29,"column":3}},"loc":{"start":{"line":29,"column":51},"end":{"line":71,"column":3}},"line":29},"3":{"name":"(anonymous_3)","decl":{"start":{"line":54,"column":16},"end":{"line":54,"column":17}},"loc":{"start":{"line":54,"column":48},"end":{"line":69,"column":7}},"line":54},"4":{"name":"(anonymous_4)","decl":{"start":{"line":73,"column":2},"end":{"line":73,"column":3}},"loc":{"start":{"line":73,"column":29},"end":{"line":88,"column":3}},"line":73},"5":{"name":"(anonymous_5)","decl":{"start":{"line":90,"column":2},"end":{"line":90,"column":3}},"loc":{"start":{"line":90,"column":27},"end":{"line":108,"column":3}},"line":90},"6":{"name":"(anonymous_6)","decl":{"start":{"line":110,"column":2},"end":{"line":110,"column":3}},"loc":{"start":{"line":110,"column":49},"end":{"line":136,"column":3}},"line":110},"7":{"name":"(anonymous_7)","decl":{"start":{"line":138,"column":2},"end":{"line":138,"column":3}},"loc":{"start":{"line":138,"column":20},"end":{"line":164,"column":3}},"line":138},"8":{"name":"(anonymous_8)","decl":{"start":{"line":157,"column":72},"end":{"line":157,"column":73}},"loc":{"start":{"line":157,"column":93},"end":{"line":160,"column":7}},"line":157},"9":{"name":"(anonymous_9)","decl":{"start":{"line":166,"column":2},"end":{"line":166,"column":3}},"loc":{"start":{"line":166,"column":30},"end":{"line":199,"column":3}},"line":166},"10":{"name":"(anonymous_10)","decl":{"start":{"line":176,"column":75},"end":{"line":176,"column":76}},"loc":{"start":{"line":176,"column":94},"end":{"line":181,"column":7}},"line":176},"11":{"name":"(anonymous_11)","decl":{"start":{"line":201,"column":2},"end":{"line":201,"column":3}},"loc":{"start":{"line":201,"column":17},"end":{"line":214,"column":3}},"line":201},"12":
[...]
column":8},"end":{"line":135,"column":9}},"46":{"start":{"line":130,"column":30},"end":{"line":130,"column":80}},"47":{"start":{"line":131,"column":12},"end":{"line":134,"column":13}},"48":{"start":{"line":132,"column":16},"end":{"line":132,"column":71}},"49":{"start":{"line":133,"column":16},"end":{"line":133,"column":34}},"50":{"start":{"line":138,"column":8},"end":{"line":143,"column":9}},"51":{"start":{"line":139,"column":38},"end":{"line":139,"column":68}},"52":{"start":{"line":140,"column":12},"end":{"line":142,"column":13}},"53":{"start":{"line":141,"column":16},"end":{"line":141,"column":68}},"54":{"start":{"line":146,"column":8},"end":{"line":146,"column":42}},"55":{"start":{"line":147,"column":8},"end":{"line":147,"column":31}},"56":{"start":{"line":149,"column":8},"end":{"line":149,"column":32}},"57":{"start":{"line":150,"column":8},"end":{"line":150,"column":37}},"58":{"start":{"line":152,"column":8},"end":{"line":152,"column":26}},"59":{"start":{"line":157,"column":27},"end":{"line":160,"column":9}},"60":{"start":{"line":162,"column":26},"end":{"line":173,"column":9}},"61":{"start":{"line":175,"column":27},"end":{"line":202,"column":9}},"62":{"start":{"line":176,"column":12},"end":{"line":201,"column":13}},"63":{"start":{"line":178,"column":16},"end":{"line":184,"column":17}},"64":{"start":{"line":179,"column":20},"end":{"line":183,"column":21}},"65":{"start":{"line":180,"column":24},"end":{"line":180,"column":48}},"66":{"start":{"line":181,"column":24},"end":{"line":181,"column":88}},"67":{"start":{"line":182,"column":24},"end":{"line":182,"column":30}},"68":{"start":{"line":187,"column":16},"end":{"line":190,"column":17}},"69":{"start":{"line":188,"column":20},"end":{"line":188,"column":44}},"70":{"start":{"line":189,"column":20},"end":{"line":189,"column":74}},"71":{"start":{"line":191,"column":19},"end":{"line":201,"column":13}},"72":{"start":{"line":193,"column":16},"end":{"line":195,"column":17}},"73":{"start":{"line":194,"column":20},"end":{"line":194,"column":67}},"74":{"start":{"line":196,"column":19},"end":{"line":201,"column":13}},"75":{"start":{"line":198,"column":16},"end":{"line":200,"column":19}},"76":{"start":{"line":199,"column":20},"end":{"line":199,"column":57}},"77":{"start":{"line":204,"column":8},"end":{"line":204,"column":28}},"78":{"start":{"line":206,"column":8},"end":{"line":206,"column":26}},"79":{"start":{"line":211,"column":25},"end":{"line":211,"column":27}},"80":{"start":{"line":213,"column":8},"end":{"line":215,"column":9}},"81":{"start":{"line":214,"column":12},"end":{"line":214,"column":62}},"82":{"start":{"line":217,"column":8},"end":{"line":217,"column":35}},"83":{"start":{"line":222,"column":8},"end":{"line":229,"column":20}},"84":{"start":{"line":234,"column":22},"end":{"line":234,"column":60}},"85":{"start":{"line":236,"column":8},"end":{"line":325,"column":10}},"86":{"start":{"line":330,"column":20},"end":{"line":330,"column":30}},"87":{"start":{"line":331,"column":25},"end":{"line":331,"column":30}},"88":{"start":{"line":333,"column":8},"end":{"line":335,"column":9}},"89":{"start":{"line":334,"column":12},"end":{"line":334,"column":48}},"90":{"start":{"line":337,"column":25},"end":{"line":337,"column":56}},"91":{"start":{"line":338,"column":31},"end":{"line":338,"column":77}},"92":{"start":{"line":338,"column":55},"end":{"line":338,"column":76}},"93":{"start":{"line":340,"column":8},"end":{"line":342,"column":9}},"94":{"start":{"line":341,"column":12},"end":{"line":341,"column":25}},"95":{"start":{"line":344,"column":8},"end":{"line":344,"column":33}},"96":{"start":{"line":345,"column":8},"end":{"line":345,"column":56}},"97":{"start":{"line":347,"column":8},"end":{"line":347,"column":20}},"98":{"start":{"line":353,"column":8},"end":{"line":355,"column":9}},"99":{"start":{"line":354,"column":12},"end":{"line":354,"column":25}},"100":{"start":{"line":358,"column":8},"end":{"line":360,"column":9}},"101":{"start":{"line":359,"column":12},"end":{"line":359,"column":24}},"102":{"start":{"line":363,"column":8},"end":{"line":365,"column":9}},"103":{"start":{"line":364,"column":12},"end":{"line":364,"column":24}},"104":{"start":{"line":368,"column":8},"end":{"line":375,"column":9}},"105":{"start":{"line":369,"column":12},"end":{"line":374,"column":13}},"106":{"start":{"line":370,"column":35},"end":{"line":370,"column":51}},"107":{"start":{"line":371,"column":16},"end":{"line":373,"column":17}},"108":{"start":{"line":372,"column":20},"end":{"line":372,"column":32}},"109":{"start":{"line":377,"column":8},"end":{"line":377,"column":21}},"110":{"start":{"line":382,"column":8},"end":{"line":387,"column":9}},"111":{"start":{"line":383,"column":27},"end":{"line":383,"column":39}},"112":{"start":{"line":384,"column":12},"end":{"line":384,"column":35}},"113":{"start":{"line":386,"column":12},"end":{"line":386,"column":23}},"114":{"start":{"line":392,"column":20},"end":{"line":398,"column":9}},"115":{"start":{"line":399,"column":8},"end":{"line":399,"column":61}},"116":{"start":{"line":399,"column":53},"end":{"line":399,"column":59}},"117":{"start":{"line":404,"column":20},"end":{"line":404,"column":30}},"118":{"start":{"line":405,"column":8},"end":{"line":409,"column":9}},"119":{"start":{"line":406,"column":12},"end":{"line":408,"column":13}},"120":{"start":{"line":407,"column":16},"end":{"line":407,"column":41}},"121":{"start":{"line":414,"column":8},"end":{"line":421,"column":10}},"122":{"start":{"line":426,"column":27},"end":{"line":426,"column":29}},"123":{"start":{"line":429,"column":8},"end":{"line":431,"column":9}},"124":{"start":{"line":430,"column":12},"end":{"line":430,"column":50}},"125":{"start":{"line":434,"column":27},"end":{"line":434,"column":55}},"126":{"start":{"line":435,"column":8},"end":{"line":437,"column":9}},"127":{"start":{"line":436,"column":12},"end":{"line":436,"column":61}},"128":{"start":{"line":440,"column":26},"end":{"line":440,"column":28}},"129":{"start":{"line":443,"column":8},"end":{"line":443,"column":26}},"130":{"start":{"line":448,"column":8},"end":{"line":451,"column":11}},"131":{"start":{"line":457,"column":0},"end":{"line":457,"column":39}}},"fnMap":{"0":{"name":"(anonymous_0)","decl":{"start":{"line":5,"column":4},"end":{"line":5,"column":5}},"loc":{"start":{"line":5,"column":18},"end":{"line":32,"column":5}},"line":5},"1":{"name":"(anonymous_1)","decl":{"start":{"line":34,"column":4},"end":{"line":34,"column":5}},"loc":{"start":{"line":34,"column":31},"end":{"line":39,"column":5}},"line":34},"2":{"name":"(anonymous_2)","decl":{"start":{"line":42,"column":4},"end":{"line":42,"column":5}},"loc":{"start":{"line":42,"column":42},"end":{"line":71,"column":5}},"line":42},"3":{"name":"(anonymous_3)","decl":{"start":{"line":74,"column":4},"end":{"line":74,"column":5}},"loc":{"start":{"line":74,"column":25},"end":{"line":153,"column":5}},"line":74},"4":{"name":"(anonymous_4)","decl":{"start":{"line":156,"column":4},"end":{"line":156,"column":5}},"loc":{"start":{"line":156,"column":29},"end":{"line":207,"column":5}},"line":156},"5":{"name":"(anonymous_5)","decl":{"start":{"line":175,"column":27},"end":{"line":175,"column":28}},"loc":{"start":{"line":175,"column":49},"end":{"line":202,"column":9}},"line":175},"6":{"name":"(anonymous_6)","decl":{"start":{"line":198,"column":30},"end":{"line":198,"column":31}},"loc":{"start":{"line":198,"column":46},"end":{"line":200,"column":17}},"line":198},"7":{"name":"(anonymous_7)","decl":{"start":{"line":210,"column":4},"end":{"line":210,"column":5}},"loc":{"start":{"line":210,"column":24},"end":{"line":218,"column":5}},"line":210},"8":{"name":"(anonymous_8)","decl":{"start":{"line":221,"column":4},"end":{"line":221,"column":5}},"loc":{"start":{"line":221,"column":27},"end":{"line":230,"column":5}},"line":221},"9":{"name":"(anonymous_9)","decl":{"start":{"line":233,"column":4},"end":{"line":233,"column":5}},"loc":{"start":{"line":233,"column":43},"end":{"line":326,"column":5}},"line":233},"10":{"name":"(anonymous_10)","decl":{"start":{"line":329,"column":4},"end":{"line":329,"column":5}},"loc":{"start":{"line":329,"column":31},"end":{"line":348,"column":5}},"line":329},"11":{"name":"(anonymous_11)","decl":{"start":{"line":338,"column":47},"end":{"line":338,"column":48}},"loc":{"start":{"line":338,"column":55},"end":{"line":338,"column":76}},"line":338},"12":{"name":"(anonymous_12)","decl":{"start":{"line":351,"column":4},"end":{"line":351,"column":5}},"loc":{"start":{"line":351,"column":43},"end":{"line":378,"column":5}},"line":351},"13":{"name":"(anonymous_13)","decl":{"start":{"line":381,"column":4},"end":{"line":381,"column":5}},"loc":{"start":{"line":381,"column":23},"end":{"line":388,"column":5}},"line":381},"14":{"name":"(anonymous_14)","decl":{"start":{"line":391,"column":4},"end":{"line":391,"column":5}},"loc":{"start":{"line":391,"column":21},"end":{"line":400,"column":5}},"line":391},"15":{"name":"(anonymous_15)","decl":{"start":{"line":399,"column":48},"end":{"line":399,"column":49}},"loc":{"start":{"line":399,"column":53},"end":{"line":399,"column":59}},"line":399},"16":{"name":"(anonymous_16)","decl":{"start":{"line":403,"column":4},"end":{"line":403,"column":5}},"loc":{"start":{"line":403,"column":27},"end":{"line":410,"column":5}},"line":403},"17":{"name":"(anonymous_17)","decl":{"start":{"line":413,"column":4},"end":{"line":413,"column":5}},"loc":{"start":{"line":413,"column":25},"end":{"line":422,"column":5}},"line":413},"18":{"name":"(anonymous_18)","decl":{"start":{"line":425,"column":4},"end":{"line":425,"column":5}},"loc":{"start":{"line":425,"column":38},"end":{"line":444,"column":5}},"line":425},"19":{"name":"(anonymous_19)","decl":{"start":{"line":447,"column":4},"end":{"line":447,"column":5}},"loc":{"start":{"line":447,"column":37},"end":{"line":454,"column":5}},"line":447}},"branchMap":{"0":{"loc":{"start":{"line":82,"column":23},"end":{"line":82,"column":64}},"type":"binary-expr","locations":[{"start":{"line":82,"column":23},"end":{"line":82,"column":41}},{"start":{"line":82,"column":45},"end":{"line":82,"column":64}}],"line":82},"1":{"loc":{"start":{"line":83,"column":8},"end":{"line":86,"column":9}},"type":"if","locations":[{"start":{"line":83,"column":8},"end":{"line":86,"column":9}},{"start":{},"end":{}}],"line":83},"2":{"loc":{"start":{"line":90,"column":8},"end":{"line":93,"column":9}},"type":"if","locations":[{"start":{"line":90,"column":8},"end":{"line":93,"column":9}},{"start":{},"end":{}}],"line":90},"3":{"loc":{"start":{"line":96,"column":8},"end":{"line":99,"column":9}},"type":"if","locations":[{"start":{"line":96,"column":8},"end":{"line":99,"column":9}},{"start":{},"end":{}}],"line":96},"4":{"loc":{"start":{"line":102,"column":26},"end":{"line":102,"column":78}},"type":"binary-expr","locations":[{"start":{"line":102,"column":26},"end":{"line":102,"column":57}},{"start":{"line":102,"column":61},"end":{"line":102,"column":78}}],"line":102},"5":{"loc":{"start":{"line":103,"column":22},"end":{"line":103,"column":70}},"type":"binary-expr","locations":[{"start":{"line":103,"column":22},"end":{"line":103,"column":51}},{"start":{"line":103,"column":55},"end":{"line":103,"column":70}}],"line":103},"6":{"loc":{"start":{"line":105,"column":8},"end":{"line":108,"column":9}},"type":"if","locations":[{"start":{"line":105,"column":8},"end":{"line":108,"column":9}},{"start":{},"end":{}}],"line":105},"7":{"loc":{"start":{"line":105,"column":12},"end":{"line":105,"column":32}},"type":"binary-expr","locations":[{"start":{"line":105,"column":12},"end":{"line":105,"column":22}},{"start":{"line":105,"column":26},"end":{"line":105,"column":32}}],"line":105},"8":{"loc":{"start":{"line":111,"column":8},"end":{"line":114,"column":9}},"type":"if","locations":[{"start":{"line":111,"column":8},"end":{"line":114,"column":9}},{"start":{},"end":{}}],"line":111},"9":{"loc":{"start":{"line":116,"column":8},"end":{"line":119,"column":9}},"type":"if","locations":[{"start":{"line":116,"column":8},"end":{"line":119,"column":9}},{"start":{},"end":{}}],"line":116},"10":{"loc":{"start":{"line":122,"column":8},"end":{"line":126,"column":9}},"type":"if","locations":[{"start":{"line":122,"column":8},"end":{"line":126,"column":9}},{"start":{},"end":{}}],"line":122},"11":{"loc":{"start":{"line":129,"column":8},"end":{"line":135,"column":9}},"type":"if","locations":[{"start":{"line":129,"column":8},"end":{"line":135,"column":9}},{"start":{},"end":{}}],"line":129},"12":{"loc":{"start":{"line":130,"column":30},"end":{"line":130,"column":80}},"type":"binary-expr","locations":[{"start":{"line":130,"column":30},"end":{"line":130,"column":57}},{"start":{"line":130,"column":61},"end":{"line":130,"column":80}}],"line":130},"13":{"loc":{"start":{"line":131,"column":12},"end":{"line":134,"column":13}},"type":"if","locations":[{"start":{"line":131,"column":12},"end":{"line":134,"column":13}},{"start":{},"end":{}}],"line":131},"14":{"loc":{"start":{"line":131,"column":16},"end":{"line":131,"column":61}},"type":"binary-expr","locations":[{"start":{"line":131,"column":16},"end":{"line":131,"column":26}},{"start":{"line":131,"column":30},"end":{"line":131,"column":61}}],"line":131},"15":{"loc":{"start":{"line":138,"column":8},"end":{"line":143,"column":9}},"type":"if","locations":[{"start":{"line":138,"column":8},"end":{"line":143,"column":9}},{"start":{},"end":{}}],"line":138},"16":{"loc":{"start":{"line":140,"column":12},"end":{"line":142,"column":13}},"type":"if","locations":[{"start":{"line":140,"column":12},"end":{"line":142,"column":13}},{"start":{},"end":{}}],"line":140},"17":{"loc":{"start":{"line":175,"column":35},"end":{"line":175,"column":44}},"type":"default-arg","locations":[{"start":{"line":175,"column":42},"end":{"line":175,"column":44}}],"line":175},"18":{"loc":{"start":{"line":176,"column":12},"end":{"line":201,"column":13}},"type":"if","locations":[{"start":{"line":176,"column":12},"end":{"line":201,"column":13}},{"start":{"line":191,"column":19},"end":{"line":201,"column":13}}],"line":176},"19":{"loc":{"start":{"line":179,"column":20},"end":{"line":183,"column":21}},"type":"if","locations":[{"start":{"line":179,"column":20},"end":{"line":183,"column":21}},{"start":{},"end":{}}],"line":179},"20":{"loc":{"start":{"line":187,"column":16},"end":{"line":190,"column":17}},"type":"if","locations":[{"start":{"line":187,"column":16},"end":{"line":190,"column":17}},{"start":{},"end":{}}],"line":187},"21":{"loc":{"start":{"line":191,"column":19},"end":{"line":201,"column":13}},"type":"if","locations":[{"start":{"line":191,"column":19},"end":{"line":201,"column":13}},{"start":{"line":196,"column":19},"end":{"line":201,"column":13}}],"line":191},"22":{"loc":{"start":{"line":191,"column":23},"end":{"line":191,"column":66}},"type":"binary-expr","locations":[{"start":{"line":191,"column":23},"end":{"line":191,"column":48}},{"start":{"line":191,"column":52},"end":{"line":191,"column":66}}],"line":191},"23":{"loc":{"start":{"line":194,"column":36},"end":{"line":194,"column":65}},"type":"cond-expr","locations":[{"start":{"line":194,"column":43},"end":{"line":194,"column":59}},{"start":{"line":194,"column":62},"end":{"line":194,"column":65}}],"line":194},"24":{"loc":{"start":{"line":196,"column":19},"end":{"line":201,"column":13}},"type":"if","locations":[{"start":{"line":196,"column":19},"end":{"line":201,"column":13}},{"start":{},"end":{}}],"line":196},"25":{"loc":{"start":{"line":243,"column":37},"end":{"line":243,"column":61}},"type":"binary-expr","locations":[{"start":{"line":243,"column":37},"end":{"line":243,"column":49}},{"start":{"line":243,"column":53},"end":{"line":243,"column":61}}],"line":243},"26":{"loc":{"start":{"line":288,"column":60},"end":{"line":288,"column":86}},"type":"binary-expr","locations":[{"start":{"line":288,"column":60},"end":{"line":288,"column":79}},{"start":{"line":288,"column":83},"end":{"line":288,"column":86}}],"line":288},"27":{"loc":{"start":{"line":333,"column":8},"end":{"line":335,"column":9}},"type":"if","locations":[{"start":{"line":333,"column":8},"end":{"line":335,"column":9}},{"start":{},"end":{}}],"line":333},"28":{"loc":{"start":{"line":340,"column":8},"end":{"line":342,"column":9}},"type":"if","locations":[{"start":{"line":340,"column":8},"end":{"line":342,"column":9}},{"start":{},"end":{}}],"line":340},"29":{"loc":{"start":{"line":353,"column":8},"end":{"line":355,"column":9}},"type":"if","locations":[{"start":{"line":353,"column":8},"end":{"line":355,"column":9}},{"start":{},"end":{}}],"line":353},"30":{"loc":{"start":{"line":358,"column":8},"end":{"line":360,"column":9}},"type":"if","locations":[{"start":{"line":358,"column":8},"end":{"line":360,"column":9}},{"start":{},"end":{}}],"line":358},"31":{"loc":{"start":{"line":363,"column":8},"end":{"line":365,"column":9}},"type":"if","locations":[{"start":{"line":363,"column":8},"end":{"line":365,"column":9}},{"start":{},"end":{}}],"line":363},"32":{"loc":{"start":{"line":369,"column":12},"end":{"line":374,"column":13}},"type":"if","locations":[{"start":{"line":369,"column":12},"end":{"line":374,"column":13}},{"start":{},"end":{}}],"line":369},"33":{"loc":{"start":{"line":371,"column":16},"end":{"line":373,"column":17}},"type":"if","locations":[{"start":{"line":371,"column":16},"end":{"line":373,"column":17}},{"start":{},"end":{}}],"line":371},"34":{"loc":{"start":{"line":371,"column":20},"end":{"line":371,"column":78}},"type":"binary-expr","locations":[{"start":{"line":371,"column":20},"end":{"line":371,"column":41}},{"start":{"line":371,"column":45},"end":{"line":371,"column":78}}],"line":371},"35":{"loc":{"start":{"line":406,"column":12},"end":{"line":408,"column":13}},"type":"if","locations":[{"start":{"line":406,"column":12},"end":{"line":408,"column":13}},{"start":{},"end":{}}],"line":406},"36":{"loc":{"start":{"line":429,"column":8},"end":{"line":431,"column":9}},"type":"if","locations":[{"start":{"line":429,"column":8},"end":{"line":431,"column":9}},{"start":{},"end":{}}],"line":429},"37":{"loc":{"start":{"line":435,"column":8},"end":{"line":437,"column":9}},"type":"if","locations":[{"start":{"line":435,"column":8},"end":{"line":437,"column":9}},{"start":{},"end":{}}],"line":435},"38":{"loc":{"start":{"line":435,"column":12},"end":{"line":435,"column":58}},"type":"binary-expr","locations":[{"start":{"line":435,"column":12},"end":{"line":435,"column":29}},{"start":{"line":435,"column":33},"end":{"line":435,"column":58}}],"line":435}},"s":{"0":1,"1":1,"2":1,"3":1,"4":1,"5":1,"6":1,"7":1,"8":1,"9":1,"10":0,"11":0,"12":0,"13":0,"14":0,"15":0,"16":0,"17":0,"18":0,"19":0,"20":0,"21":0,"22":0,"23":0,"24":0,"25":0,"26":0,"27":0,"28":0,"29":0,"30":0,"31":0,"32":0,"33":0,"34":0,"35":0,"36":0,"37":0,"38":0,"39":0,"40":0,"41":0,"42":0,"43":0,"44":0,"45":0,"46":0,"47":0,"48":0,"49":0,"50":0,"51":0,"52":0,"53":0,"54":0,"55":0,"56":0,"57":0,"58":0,"59":0,"60":0,"61":0,"62":0,"63":0,"64":0,"65":0,"66":0,"67":0,"68":0,"69":0,"70":0,"71":0,"72":0,"73":0,"74":0,"75":0,"76":0,"77":0,"78":0,"79":0,"80":0,"81":0,"82":0,"83":0,"84":0,"85":0,"86":0,"87":0,"88":0,"89":0,"90":0,"91":0,"92":0,"93":0,"94":0,"95":0,"96":0,"97":0,"98":0,"99":0,"100":0,"101":0,"102":0,"103":0,"104":0,"105":0,"106":0,"107":0,"108":0,"109":0,"110":0,"111":0,"112":0,"113":0,"114":0,"115":0,"116":0,"117":0,"118":0,"119":0,"120":0,"121":0,"122":0,"123":0,"124":0,"125":0,"126":0,"127":0,"128":0,"129":0,"130":0,"131":1},"f":{"0":1,"1":1,"2":0,"3":0,"4":0,"5":0,"6":0,"7":0,"8":0,"9":0,"10":0,"11":0,"12":0,"13":0,"14":0,"15":0,"16":0,"17":0,"18":0,"19":0},"b":{"0":[0,0],"1":[0,0],"2":[0,0],"3":[0,0],"4":[0,0],"5":[0,0],"6":[0,0],"7":[0,0],"8":[0,0],"9":[0,0],"10":[0,0],"11":[0,0],"12":[0,0],"13":[0,0],"14":[0,0],"15":[0,0],"16":[0,0],"17":[0],"18":[0,0],"19":[0,0],"20":[0,0],"21":[0,0],"22":[0,0],"23":[0,0],"24":[0,0],"25":[0,0],"26":[0,0],"27":[0,0],"28":[0,0],"29":[0,0],"30":[0,0],"31":[0,0],"32":[0,0],"33":[0,0],"34":[0,0],"35":[0,0],"36":[0,0],"37":[0,0],"38":[0,0]},"_coverageSchema":"1a1c01bbd47fc00a2c39e90264f33305004495a9","hash":"1554ac9b87bc5c498b3c55b4f738f2203aa2511b"}
}
