TN:
SF:src\index.js
FN:98,(anonymous_0)
FN:103,(anonymous_1)
FN:107,(anonymous_2)
FN:128,(anonymous_3)
FN:230,(anonymous_4)
FN:235,(anonymous_5)
FN:240,(anonymous_6)
FN:251,(anonymous_7)
FN:257,(anonymous_8)
FN:272,(anonymous_9)
FN:306,(anonymous_10)
FN:338,(anonymous_11)
FN:355,(anonymous_12)
FN:366,(anonymous_13)
FN:456,(anonymous_14)
FN:463,(anonymous_15)
FN:470,(anonymous_16)
FN:476,(anonymous_17)
FN:478,(anonymous_18)
FNF:19
FNH:2
FNDA:0,(anonymous_0)
FNDA:0,(anonymous_1)
FNDA:0,(anonymous_2)
FNDA:1,(anonymous_3)
FNDA:0,(anonymous_4)
FNDA:0,(anonymous_5)
FNDA:0,(anonymous_6)
FNDA:0,(anonymous_7)
FNDA:0,(anonymous_8)
FNDA:1,(anonymous_9)
FNDA:0,(anonymous_10)
FNDA:0,(anonymous_11)
FNDA:0,(anonymous_12)
FNDA:0,(anonymous_13)
FNDA:0,(anonymous_14)
FNDA:0,(anonymous_15)
FNDA:0,(anonymous_16)
FNDA:0,(anonymous_17)
FNDA:0,(anonymous_18)
DA:5,1
DA:6,1
DA:7,1
DA:8,1
DA:11,1
DA:12,1
DA:13,1
DA:14,1
DA:15,1
DA:18,1
DA:19,1
DA:20,1
DA:21,1
DA:22,1
DA:25,1
DA:26,1
DA:29,1
DA:30,1
DA:33,1
DA:36,1
DA:37,1
DA:40,1
DA:41,1
DA:42,1
DA:45,1
DA:46,1
DA:47,1
DA:49,1
DA:50,1
DA:51,1
DA:52,1
DA:53,1
DA:56,1
DA:57,1
DA:58,1
DA:59,1
DA:62,1
DA:63,1
DA:64,1
DA:65,1
DA:68,1
DA:69,1
DA:70,1
DA:71,1
DA:74,1
DA:77,1
DA:85,1
DA:86,1
DA:89,1
DA:92,1
DA:95,1
DA:98,1
DA:99,0
DA:103,1
DA:104,0
DA:107,1
DA:108,0
DA:112,1
DA:128,1
DA:129,1
DA:130,1
DA:133,1
DA:134,1
DA:137,1
DA:142,1
DA:143,0
DA:144,0
DA:145,0
DA:151,1
DA:152,1
DA:155,1
DA:158,1
DA:161,1
DA:162,1
DA:165,1
DA:166,0
DA:175,1
DA:178,1
DA:185,1
DA:192,1
DA:199,1
DA:215,0
DA:220,0
DA:225,0
DA:230,1
DA:231,0
DA:235,1
DA:236,0
DA:240,1
DA:241,0
DA:242,0
DA:243,0
DA:245,0
DA:246,0
DA:251,1
DA:252,0
DA:253,0
DA:257,1
DA:258,0
DA:259,0
DA:264,0
DA:272,1
DA:273,1
DA:274,1
DA:276,1
DA:306,1
DA:307,0
DA:338,1
DA:339,0
DA:341,0
DA:355,1
DA:356,0
DA:360,1
DA:363,1
DA:366,1
DA:368,0
DA:377,0
DA:378,0
DA:379,0
DA:380,0
DA:381,0
DA:382,0
DA:383,0
DA:384,0
DA:385,0
DA:386,0
DA:387,0
DA:388,0
DA:389,0
DA:390,0
DA:391,0
DA:392,0
DA:393,0
DA:394,0
DA:395,0
DA:396,0
DA:397,0
DA:398,0
DA:399,0
DA:400,0
DA:401,0
DA:402,0
DA:403,0
DA:404,0
DA:405,0
DA:406,0
DA:407,0
DA:408,0
DA:409,0
DA:410,0
DA:411,0
DA:412,0
DA:413,0
DA:414,0
DA:415,0
DA:416,0
DA:417,0
DA:418,0
DA:419,0
DA:420,0
DA:421,0
DA:422,0
DA:423,0
DA:424,0
DA:425,0
DA:426,0
DA:427,0
DA:428,0
DA:429,0
DA:430,0
DA:431,0
DA:432,0
DA:434,0
DA:435,0
DA:436,0
DA:437,0
DA:438,0
DA:439,0
DA:440,0
DA:441,0
DA:442,0
DA:443,0
DA:444,0
DA:445,0
DA:446,0
DA:447,0
DA:448,0
DA:449,0
DA:450,0
DA:451,0
DA:452,0
DA:456,1
DA:457,0
DA:463,1
DA:464,0
DA:470,0
DA:471,0
DA:476,1
DA:477,0
DA:478,0
DA:479,0
DA:480,0
DA:484,1
LF:203
LH:93
BRDA:142,0,0,0
BRDA:142,0,1,1
BRDA:142,1,0,1
BRDA:142,1,1,1
BRDA:162,2,0,0
BRDA:162,2,1,1
BRDA:165,3,0,0
BRDA:165,3,1,1
BRDA:258,4,0,0
BRDA:258,4,1,0
BRDA:363,5,0,1
BRDA:363,5,1,0
BRDA:370,6,0,0
BRDA:370,6,1,0
BRDA:431,7,0,0
BRDA:431,7,1,0
BRF:16
BRH:6
end_of_record
TN:
SF:src\agents\architect.js
FN:6,(anonymous_0)
FN:85,(anonymous_1)
FN:131,(anonymous_2)
FN:139,(anonymous_3)
FN:153,(anonymous_4)
FN:164,(anonymous_5)
FN:173,(anonymous_6)
FN:177,(anonymous_7)
FN:180,(anonymous_8)
FN:196,(anonymous_9)
FN:236,(anonymous_10)
FN:264,(anonymous_11)
FN:273,(anonymous_12)
FN:284,(anonymous_13)
FNF:14
FNH:13
FNDA:1,(anonymous_0)
FNDA:1,(anonymous_1)
FNDA:1,(anonymous_2)
FNDA:1,(anonymous_3)
FNDA:1,(anonymous_4)
FNDA:1,(anonymous_5)
FNDA:2,(anonymous_6)
FNDA:1,(anonymous_7)
FNDA:0,(anonymous_8)
FNDA:1,(anonymous_9)
FNDA:1,(anonymous_10)
FNDA:1,(anonymous_11)
FNDA:1,(anonymous_12)
FNDA:1,(anonymous_13)
DA:7,1
DA:10,1
DA:54,1
DA:86,1
DA:88,1
DA:91,1
DA:119,1
DA:120,1
DA:122,1
DA:123,1
DA:125,1
DA:132,1
DA:135,1
DA:139,1
DA:140,1
DA:141,1
DA:143,0
DA:144,0
DA:146,0
DA:151,1
DA:152,1
DA:153,1
DA:154,1
DA:158,1
DA:165,1
DA:168,1
DA:171,1
DA:172,1
DA:173,2
DA:177,1
DA:178,1
DA:179,1
DA:180,0
DA:185,1
DA:186,1
DA:187,1
DA:188,1
DA:190,1
DA:197,1
DA:199,1
DA:202,1
DA:204,0
DA:205,0
DA:207,0
DA:208,0
DA:210,1
DA:211,1
DA:213,0
DA:214,0
DA:216,0
DA:220,1
DA:221,0
DA:222,0
DA:225,1
DA:226,0
DA:227,0
DA:230,1
DA:237,1
DA:265,1
DA:266,1
DA:267,1
DA:274,1
DA:275,1
DA:276,5
DA:278,1
DA:285,1
DA:291,1
DA:292,1
DA:293,1
DA:295,1
DA:299,1
LF:71
LH:56
BRDA:93,0,0,1
BRDA:93,0,1,1
BRDA:135,1,0,1
BRDA:135,1,1,0
BRDA:141,2,0,0
BRDA:141,2,1,1
BRDA:143,3,0,0
BRDA:143,3,1,0
BRDA:151,4,0,1
BRDA:151,4,1,0
BRDA:172,5,0,1
BRDA:172,5,1,0
BRDA:179,6,0,0
BRDA:179,6,1,1
BRDA:185,7,0,0
BRDA:185,7,1,1
BRDA:186,8,0,0
BRDA:186,8,1,1
BRDA:187,9,0,0
BRDA:187,9,1,1
BRDA:188,10,0,0
BRDA:188,10,1,1
BRDA:202,11,0,0
BRDA:202,11,1,0
BRDA:202,11,2,1
BRDA:202,11,3,0
BRDA:202,11,4,0
BRDA:220,12,0,0
BRDA:220,12,1,1
BRDA:221,13,0,0
BRDA:221,13,1,0
BRDA:225,14,0,0
BRDA:225,14,1,1
BRDA:226,15,0,0
BRDA:226,15,1,0
BRDA:254,16,0,0
BRDA:254,16,1,1
BRDA:267,17,0,1
BRDA:267,17,1,0
BRDA:291,18,0,1
BRDA:291,18,1,0
BRF:41
BRH:17
end_of_record
TN:
SF:src\agents\coder.js
FN:6,(anonymous_0)
FN:148,(anonymous_1)
FN:179,(anonymous_2)
FN:189,(anonymous_3)
FN:229,(anonymous_4)
FN:248,(anonymous_5)
FN:283,(anonymous_6)
FN:317,(anonymous_7)
FN:332,(anonymous_8)
FN:365,(anonymous_9)
FN:366,(anonymous_10)
FN:386,(anonymous_11)
FN:397,(anonymous_12)
FN:410,(anonymous_13)
FNF:14
FNH:12
FNDA:1,(anonymous_0)
FNDA:1,(anonymous_1)
FNDA:10,(anonymous_2)
FNDA:1,(anonymous_3)
FNDA:9,(anonymous_4)
FNDA:1,(anonymous_5)
FNDA:0,(anonymous_6)
FNDA:1,(anonymous_7)
FNDA:0,(anonymous_8)
FNDA:7,(anonymous_9)
FNDA:7,(anonymous_10)
FNDA:1,(anonymous_11)
FNDA:4,(anonymous_12)
FNDA:1,(anonymous_13)
DA:7,1
DA:10,1
DA:149,1
DA:151,1
DA:154,1
DA:165,1
DA:168,1
DA:169,5
DA:170,9
DA:171,9
DA:172,9
DA:177,1
DA:178,1
DA:179,10
DA:181,1
DA:183,1
DA:190,1
DA:193,1
DA:194,1
DA:195,1
DA:198,1
DA:199,1
DA:201,0
DA:204,0
DA:206,0
DA:209,0
DA:211,1
DA:214,1
DA:216,0
DA:221,1
DA:223,1
DA:231,9
DA:232,1
DA:233,8
DA:234,0
DA:235,8
DA:236,1
DA:237,7
DA:238,0
DA:242,7
DA:249,1
DA:252,1
DA:254,1
DA:255,1
DA:256,1
DA:258,1
DA:259,0
DA:260,0
DA:264,0
DA:273,1
DA:274,1
DA:275,1
DA:277,1
DA:284,0
DA:286,0
DA:291,0
DA:294,0
DA:295,0
DA:301,0
DA:307,0
DA:308,0
DA:309,0
DA:311,0
DA:318,1
DA:320,1
DA:333,0
DA:334,0
DA:354,0
DA:366,7
DA:368,7
DA:387,1
DA:398,4
DA:399,4
DA:411,1
DA:444,1
LF:75
LH:52
BRDA:194,0,0,1
BRDA:194,0,1,0
BRDA:195,1,0,1
BRDA:195,1,1,0
BRDA:199,2,0,0
BRDA:199,2,1,0
BRDA:199,2,2,1
BRDA:199,2,3,0
BRDA:231,3,0,1
BRDA:231,3,1,8
BRDA:233,4,0,0
BRDA:233,4,1,8
BRDA:235,5,0,1
BRDA:235,5,1,7
BRDA:237,6,0,0
BRDA:237,6,1,7
BRDA:237,7,0,7
BRDA:237,7,1,7
BRDA:258,8,0,0
BRDA:258,8,1,1
BRDA:287,9,0,0
BRDA:287,9,1,0
BRDA:294,10,0,0
BRDA:294,10,1,0
BRDA:318,11,0,1
BRDA:318,11,1,0
BRDA:333,12,0,0
BRDA:333,12,1,0
BRF:28
BRH:13
end_of_record
TN:
SF:src\agents\deployer.js
FN:6,(anonymous_0)
FN:12,(anonymous_1)
FN:20,(anonymous_2)
FN:61,(anonymous_3)
FN:266,(anonymous_4)
FN:345,(anonymous_5)
FN:416,(anonymous_6)
FNF:7
FNH:2
FNDA:1,(anonymous_0)
FNDA:1,(anonymous_1)
FNDA:0,(anonymous_2)
FNDA:0,(anonymous_3)
FNDA:0,(anonymous_4)
FNDA:0,(anonymous_5)
FNDA:0,(anonymous_6)
DA:2,1
DA:3,1
DA:7,1
DA:8,1
DA:9,1
DA:13,1
DA:14,1
DA:16,0
DA:21,0
DA:23,0
DA:24,0
DA:26,0
DA:29,0
DA:36,0
DA:38,0
DA:39,0
DA:41,0
DA:42,0
DA:44,0
DA:45,0
DA:47,0
DA:50,0
DA:52,0
DA:62,0
DA:65,0
DA:95,0
DA:96,0
DA:99,0
DA:130,0
DA:131,0
DA:134,0
DA:146,0
DA:147,0
DA:150,0
DA:175,0
DA:179,0
DA:182,0
DA:199,0
DA:200,0
DA:203,0
DA:224,0
DA:225,0
DA:228,0
DA:259,0
DA:260,0
DA:261,0
DA:263,0
DA:267,0
DA:270,0
DA:309,0
DA:310,0
DA:313,0
DA:339,0
DA:340,0
DA:342,0
DA:346,0
DA:349,0
DA:410,0
DA:411,0
DA:413,0
DA:417,0
DA:485,0
DA:489,1
LF:63
LH:8
BRDA:20,0,0,0
BRDA:36,1,0,0
BRDA:36,1,1,0
BRDA:36,1,2,0
BRDA:36,1,3,0
BRDA:485,2,0,0
BRDA:485,2,1,0
BRF:7
BRH:0
end_of_record
TN:
SF:src\agents\interpreter.js
FN:6,(anonymous_0)
FN:47,(anonymous_1)
FN:94,(anonymous_2)
FN:113,(anonymous_3)
FN:138,(anonymous_4)
FN:158,(anonymous_5)
FN:179,(anonymous_6)
FN:206,(anonymous_7)
FN:211,(anonymous_8)
FN:216,(anonymous_9)
FN:221,(anonymous_10)
FN:226,(anonymous_11)
FN:231,(anonymous_12)
FN:242,(anonymous_13)
FN:245,(anonymous_14)
FN:251,(anonymous_15)
FN:263,(anonymous_16)
FNF:17
FNH:17
FNDA:1,(anonymous_0)
FNDA:1,(anonymous_1)
FNDA:3,(anonymous_2)
FNDA:2,(anonymous_3)
FNDA:1,(anonymous_4)
FNDA:1,(anonymous_5)
FNDA:1,(anonymous_6)
FNDA:1,(anonymous_7)
FNDA:7,(anonymous_8)
FNDA:6,(anonymous_9)
FNDA:6,(anonymous_10)
FNDA:5,(anonymous_11)
FNDA:5,(anonymous_12)
FNDA:1,(anonymous_13)
FNDA:6,(anonymous_14)
FNDA:1,(anonymous_15)
FNDA:26,(anonymous_16)
DA:7,1
DA:10,1
DA:23,1
DA:33,1
DA:48,1
DA:50,1
DA:51,1
DA:54,1
DA:83,1
DA:84,1
DA:85,1
DA:86,1
DA:88,1
DA:95,3
DA:96,3
DA:98,3
DA:99,27
DA:100,153
DA:101,0
DA:102,0
DA:107,3
DA:114,2
DA:115,2
DA:116,2
DA:118,2
DA:119,12
DA:120,12
DA:121,64
DA:122,0
DA:126,12
DA:127,0
DA:128,0
DA:132,2
DA:139,1
DA:140,1
DA:142,1
DA:143,7
DA:144,15
DA:145,0
DA:146,0
DA:152,1
DA:159,1
DA:160,1
DA:161,1
DA:162,1
DA:165,1
DA:166,1
DA:167,1
DA:168,1
DA:169,1
DA:171,1
DA:172,1
DA:173,1
DA:180,1
DA:181,1
DA:183,1
DA:192,1
DA:193,1
DA:196,1
DA:198,1
DA:207,1
DA:208,1
DA:211,7
DA:212,0
DA:213,0
DA:216,6
DA:217,0
DA:218,0
DA:221,6
DA:222,0
DA:223,0
DA:226,5
DA:227,0
DA:228,0
DA:231,5
DA:232,0
DA:233,0
DA:236,1
DA:243,1
DA:244,1
DA:245,6
DA:252,1
DA:260,1
DA:262,1
DA:263,26
DA:264,0
DA:268,1
DA:272,1
LF:88
LH:70
BRDA:48,0,0,1
BRDA:48,0,1,0
BRDA:100,1,0,0
BRDA:100,1,1,153
BRDA:107,2,0,0
BRDA:107,2,1,3
BRDA:121,3,0,0
BRDA:121,3,1,64
BRDA:126,4,0,0
BRDA:126,4,1,12
BRDA:144,5,0,0
BRDA:144,5,1,15
BRDA:152,6,0,0
BRDA:152,6,1,1
BRDA:162,7,0,1
BRDA:162,7,1,1
BRDA:166,8,0,0
BRDA:166,8,1,1
BRDA:166,9,0,0
BRDA:166,9,1,1
BRDA:167,10,0,0
BRDA:167,10,1,1
BRDA:167,11,0,0
BRDA:167,11,1,1
BRDA:168,12,0,0
BRDA:168,12,1,1
BRDA:169,13,0,0
BRDA:169,13,1,1
BRDA:171,14,0,0
BRDA:171,14,1,1
BRDA:172,15,0,0
BRDA:172,15,1,1
BRDA:192,16,0,1
BRDA:192,16,1,0
BRDA:193,17,0,0
BRDA:193,17,1,1
BRDA:198,18,0,0
BRDA:198,18,1,1
BRDA:211,19,0,0
BRDA:211,19,1,1
BRDA:216,20,0,0
BRDA:216,20,1,1
BRDA:221,21,0,0
BRDA:221,21,1,1
BRDA:226,22,0,0
BRDA:226,22,1,1
BRDA:231,23,0,0
BRDA:231,23,1,1
BRDA:263,24,0,0
BRDA:263,24,1,5
BRF:50
BRH:26
end_of_record
TN:
SF:src\agents\monitor.js
FN:6,(anonymous_0)
FN:21,(anonymous_1)
FN:29,(anonymous_2)
FN:54,(anonymous_3)
FN:73,(anonymous_4)
FN:90,(anonymous_5)
FN:110,(anonymous_6)
FN:138,(anonymous_7)
FN:157,(anonymous_8)
FN:166,(anonymous_9)
FN:176,(anonymous_10)
FN:201,(anonymous_11)
FN:204,(anonymous_12)
FN:205,(anonymous_13)
FN:211,(anonymous_14)
FN:213,(anonymous_15)
FN:216,(anonymous_16)
FN:229,(anonymous_17)
FN:246,(anonymous_18)
FN:254,(anonymous_19)
FNF:20
FNH:8
FNDA:1,(anonymous_0)
FNDA:1,(anonymous_1)
FNDA:2,(anonymous_2)
FNDA:2,(anonymous_3)
FNDA:2,(anonymous_4)
FNDA:2,(anonymous_5)
FNDA:0,(anonymous_6)
FNDA:1,(anonymous_7)
FNDA:2,(anonymous_8)
FNDA:0,(anonymous_9)
FNDA:0,(anonymous_10)
FNDA:0,(anonymous_11)
FNDA:0,(anonymous_12)
FNDA:0,(anonymous_13)
FNDA:0,(anonymous_14)
FNDA:0,(anonymous_15)
FNDA:0,(anonymous_16)
FNDA:0,(anonymous_17)
FNDA:0,(anonymous_18)
FNDA:0,(anonymous_19)
DA:2,1
DA:3,1
DA:7,1
DA:8,1
DA:9,1
DA:17,1
DA:18,1
DA:22,1
DA:23,1
DA:25,0
DA:30,2
DA:39,2
DA:40,2
DA:42,2
DA:49,2
DA:51,2
DA:56,2
DA:57,2
DA:58,2
DA:59,2
DA:61,2
DA:62,2
DA:64,2
DA:65,0
DA:68,2
DA:74,2
DA:75,2
DA:77,2
DA:83,2
DA:84,2
DA:86,0
DA:91,2
DA:93,2
DA:94,0
DA:98,2
DA:99,2
DA:103,2
DA:111,0
DA:119,0
DA:120,0
DA:126,0
DA:129,0
DA:130,0
DA:139,1
DA:143,1
DA:144,1
DA:145,1
DA:147,1
DA:157,2
DA:163,1
DA:167,0
DA:176,0
DA:186,0
DA:187,0
DA:189,0
DA:198,0
DA:202,0
DA:203,0
DA:204,0
DA:206,0
DA:207,0
DA:210,0
DA:211,0
DA:213,0
DA:217,0
DA:219,0
DA:220,0
DA:221,0
DA:224,0
DA:225,0
DA:228,0
DA:230,0
DA:231,0
DA:232,0
DA:235,0
DA:236,0
DA:239,0
DA:240,0
DA:243,0
DA:247,0
DA:256,0
DA:257,0
DA:258,0
DA:260,0
DA:261,0
DA:262,0
DA:263,0
DA:264,0
DA:265,0
DA:271,1
LF:90
LH:41
BRDA:54,0,0,2
BRDA:57,1,0,0
BRDA:57,1,1,2
BRDA:64,2,0,0
BRDA:64,2,1,2
BRDA:80,3,0,0
BRDA:80,3,1,2
BRDA:93,4,0,0
BRDA:93,4,1,2
BRDA:106,5,0,2
BRDA:106,5,1,2
BRDA:114,6,0,0
BRDA:114,6,1,0
BRDA:122,7,0,0
BRDA:122,7,1,0
BRDA:129,8,0,0
BRDA:129,8,1,0
BRDA:139,9,0,1
BRDA:139,9,1,0
BRDA:148,10,0,1
BRDA:148,10,1,0
BRDA:148,11,0,0
BRDA:148,11,1,0
BRDA:206,12,0,0
BRDA:206,12,1,0
BRDA:207,13,0,0
BRDA:207,13,1,0
BRDA:220,14,0,0
BRDA:220,14,1,0
BRDA:224,15,0,0
BRDA:224,15,1,0
BRDA:235,16,0,0
BRDA:235,16,1,0
BRDA:239,17,0,0
BRDA:239,17,1,0
BRDA:263,18,0,0
BRDA:263,18,1,0
BRF:37
BRH:9
end_of_record
TN:
SF:src\agents\orchestrator.js
FN:12,(anonymous_0)
FN:22,(anonymous_1)
FN:30,(anonymous_2)
FN:38,(anonymous_3)
FN:159,(anonymous_4)
FN:204,(anonymous_5)
FN:234,(anonymous_6)
FN:278,(anonymous_7)
FN:296,(anonymous_8)
FN:338,(anonymous_9)
FNF:10
FNH:5
FNDA:2,(anonymous_0)
FNDA:1,(anonymous_1)
FNDA:1,(anonymous_2)
FNDA:4,(anonymous_3)
FNDA:0,(anonymous_4)
FNDA:0,(anonymous_5)
FNDA:0,(anonymous_6)
FNDA:0,(anonymous_7)
FNDA:1,(anonymous_8)
FNDA:0,(anonymous_9)
DA:6,2
DA:7,2
DA:8,2
DA:9,2
DA:13,2
DA:14,2
DA:15,2
DA:16,2
DA:23,1
DA:24,1
DA:31,1
DA:32,1
DA:39,4
DA:40,4
DA:41,4
DA:42,4
DA:44,4
DA:48,4
DA:49,1
DA:57,4
DA:64,4
DA:65,4
DA:67,4
DA:69,4
DA:70,0
DA:71,0
DA:75,0
DA:78,0
DA:79,0
DA:80,0
DA:84,0
DA:87,0
DA:93,0
DA:97,4
DA:103,3
DA:105,3
DA:112,1
DA:113,1
DA:118,1
DA:123,4
DA:124,4
DA:125,0
DA:127,0
DA:135,0
DA:145,4
DA:146,1
DA:149,4
DA:150,4
DA:151,4
DA:153,4
DA:160,0
DA:163,0
DA:169,0
DA:172,0
DA:173,0
DA:176,0
DA:183,0
DA:186,0
DA:187,0
DA:189,0
DA:198,0
DA:205,0
DA:206,0
DA:208,0
DA:224,0
DA:226,0
DA:235,0
DA:236,0
DA:239,0
DA:244,0
DA:245,0
DA:248,0
DA:251,0
DA:254,0
DA:255,0
DA:258,0
DA:260,0
DA:270,0
DA:271,0
DA:279,0
DA:280,0
DA:282,0
DA:286,0
DA:288,0
DA:289,0
DA:297,1
DA:299,1
DA:322,1
DA:323,0
DA:324,0
DA:329,0
DA:332,1
DA:339,0
DA:352,2
LF:94
LH:43
BRDA:48,0,0,1
BRDA:48,0,1,3
BRDA:69,1,0,0
BRDA:69,1,1,4
BRDA:69,2,0,4
BRDA:69,2,1,1
BRDA:69,2,2,0
BRDA:78,3,0,0
BRDA:78,3,1,0
BRDA:78,4,0,0
BRDA:78,4,1,0
BRDA:82,5,0,0
BRDA:82,5,1,0
BRDA:124,6,0,0
BRDA:124,6,1,4
BRDA:128,7,0,0
BRDA:128,7,1,0
BRDA:131,8,0,0
BRDA:131,8,1,0
BRDA:139,9,0,0
BRDA:139,9,1,0
BRDA:140,10,0,0
BRDA:140,10,1,0
BRDA:145,11,0,1
BRDA:145,11,1,3
BRDA:215,12,0,0
BRDA:215,12,1,0
BRDA:216,13,0,0
BRDA:216,13,1,0
BRDA:218,14,0,0
BRDA:218,14,1,0
BRDA:244,15,0,0
BRDA:244,15,1,0
BRDA:301,16,0,1
BRDA:301,16,1,0
BRDA:303,17,0,1
BRDA:303,17,1,0
BRDA:304,18,0,1
BRDA:304,18,1,0
BRDA:305,19,0,1
BRDA:305,19,1,0
BRDA:306,20,0,1
BRDA:306,20,1,0
BRDA:307,21,0,1
BRDA:307,21,1,0
BRDA:309,22,0,1
BRDA:309,22,1,1
BRDA:312,23,0,0
BRDA:312,23,1,1
BRDA:314,24,0,1
BRDA:314,24,1,1
BRDA:322,25,0,0
BRDA:322,25,1,1
BRDA:322,26,0,1
BRDA:322,26,1,0
BRF:55
BRH:21
end_of_record
TN:
SF:src\agents\testwriter.js
FN:3,(anonymous_0)
FN:7,(anonymous_1)
FN:17,(anonymous_2)
FN:52,(anonymous_3)
FN:60,(anonymous_4)
FN:83,(anonymous_5)
FN:88,(anonymous_6)
FN:208,(anonymous_7)
FN:235,(anonymous_8)
FNF:9
FNH:1
FNDA:1,(anonymous_0)
FNDA:0,(anonymous_1)
FNDA:0,(anonymous_2)
FNDA:0,(anonymous_3)
FNDA:0,(anonymous_4)
FNDA:0,(anonymous_5)
FNDA:0,(anonymous_6)
FNDA:0,(anonymous_7)
FNDA:0,(anonymous_8)
DA:4,1
DA:8,0
DA:10,0
DA:11,0
DA:13,0
DA:14,0
DA:18,0
DA:27,0
DA:29,0
DA:30,0
DA:31,0
DA:32,0
DA:33,0
DA:38,0
DA:39,0
DA:40,0
DA:44,0
DA:45,0
DA:46,0
DA:49,0
DA:53,0
DA:54,0
DA:57,0
DA:61,0
DA:83,0
DA:88,0
DA:205,0
DA:209,0
DA:236,0
DA:268,0
DA:272,1
LF:31
LH:2
BRDA:7,0,0,0
BRDA:30,1,0,0
BRDA:30,1,1,0
BRDA:32,2,0,0
BRDA:32,2,1,0
BRDA:46,3,0,0
BRDA:46,3,1,0
BRDA:53,4,0,0
BRDA:53,4,1,0
BRDA:91,5,0,0
BRDA:91,5,1,0
BRDA:92,6,0,0
BRDA:92,6,1,0
BRDA:93,7,0,0
BRDA:93,7,1,0
BRDA:97,8,0,0
BRDA:97,8,1,0
BRDA:98,9,0,0
BRDA:98,9,1,0
BRDA:99,10,0,0
BRDA:99,10,1,0
BRDA:103,11,0,0
BRDA:103,11,1,0
BRDA:106,12,0,0
BRDA:106,12,1,0
BRDA:107,13,0,0
BRDA:107,13,1,0
BRDA:142,14,0,0
BRDA:142,14,1,0
BRDA:150,15,0,0
BRDA:150,15,1,0
BRDA:181,16,0,0
BRDA:181,16,1,0
BRDA:186,17,0,0
BRDA:186,17,1,0
BRDA:191,18,0,0
BRDA:191,18,1,0
BRDA:211,19,0,0
BRDA:211,19,1,0
BRDA:213,20,0,0
BRDA:213,20,1,0
BRDA:218,21,0,0
BRDA:218,21,1,0
BRDA:220,22,0,0
BRDA:220,22,1,0
BRDA:224,23,0,0
BRDA:224,23,1,0
BRDA:227,24,0,0
BRDA:227,24,1,0
BRDA:268,25,0,0
BRDA:268,25,1,0
BRF:51
BRH:0
end_of_record
TN:
SF:src\agents\validator.js
FN:6,(anonymous_0)
FN:29,(anonymous_1)
FN:101,(anonymous_2)
FN:121,(anonymous_3)
FN:149,(anonymous_4)
FN:178,(anonymous_5)
FN:198,(anonymous_6)
FN:205,(anonymous_7)
FN:208,(anonymous_8)
FN:209,(anonymous_9)
FN:234,(anonymous_10)
FN:260,(anonymous_11)
FNF:12
FNH:1
FNDA:1,(anonymous_0)
FNDA:0,(anonymous_1)
FNDA:0,(anonymous_2)
FNDA:0,(anonymous_3)
FNDA:0,(anonymous_4)
FNDA:0,(anonymous_5)
FNDA:0,(anonymous_6)
FNDA:0,(anonymous_7)
FNDA:0,(anonymous_8)
FNDA:0,(anonymous_9)
FNDA:0,(anonymous_10)
FNDA:0,(anonymous_11)
DA:2,1
DA:3,1
DA:7,1
DA:8,1
DA:30,0
DA:32,0
DA:45,0
DA:47,0
DA:48,0
DA:49,0
DA:50,0
DA:54,0
DA:55,0
DA:56,0
DA:57,0
DA:61,0
DA:62,0
DA:63,0
DA:67,0
DA:68,0
DA:69,0
DA:73,0
DA:76,0
DA:79,0
DA:80,0
DA:81,0
DA:82,0
DA:83,0
DA:84,0
DA:86,0
DA:93,0
DA:94,0
DA:97,0
DA:98,0
DA:102,0
DA:104,0
DA:105,0
DA:106,0
DA:107,0
DA:109,0
DA:110,0
DA:114,0
DA:115,0
DA:118,0
DA:122,0
DA:123,0
DA:126,0
DA:134,0
DA:135,0
DA:136,0
DA:140,0
DA:141,0
DA:146,0
DA:150,0
DA:151,0
DA:154,0
DA:155,0
DA:157,0
DA:158,0
DA:159,0
DA:163,0
DA:164,0
DA:165,0
DA:166,0
DA:171,0
DA:172,0
DA:175,0
DA:179,0
DA:180,0
DA:183,0
DA:184,0
DA:187,0
DA:188,0
DA:190,0
DA:191,0
DA:195,0
DA:196,0
DA:198,0
DA:199,0
DA:202,0
DA:206,0
DA:207,0
DA:208,0
DA:209,0
DA:210,0
DA:213,0
DA:216,0
DA:221,0
DA:222,0
DA:223,0
DA:225,0
DA:235,0
DA:237,0
DA:238,0
DA:241,0
DA:242,0
DA:245,0
DA:246,0
DA:249,0
DA:250,0
DA:253,0
DA:254,0
DA:257,0
DA:261,0
DA:276,0
DA:277,0
DA:279,0
DA:280,0
DA:282,0
DA:283,0
DA:288,1
LF:111
LH:5
BRDA:29,0,0,0
BRDA:48,1,0,0
BRDA:48,1,1,0
BRDA:56,2,0,0
BRDA:56,2,1,0
BRDA:62,3,0,0
BRDA:62,3,1,0
BRDA:68,4,0,0
BRDA:68,4,1,0
BRDA:79,5,0,0
BRDA:79,5,1,0
BRDA:83,6,0,0
BRDA:83,6,1,0
BRDA:105,7,0,0
BRDA:105,7,1,0
BRDA:107,8,0,0
BRDA:107,8,1,0
BRDA:109,9,0,0
BRDA:109,9,1,0
BRDA:109,10,0,0
BRDA:109,10,1,0
BRDA:135,11,0,0
BRDA:135,11,1,0
BRDA:140,12,0,0
BRDA:140,12,1,0
BRDA:154,13,0,0
BRDA:154,13,1,0
BRDA:155,14,0,0
BRDA:155,14,1,0
BRDA:157,15,0,0
BRDA:157,15,1,0
BRDA:163,16,0,0
BRDA:163,16,1,0
BRDA:163,17,0,0
BRDA:163,17,1,0
BRDA:164,18,0,0
BRDA:164,18,1,0
BRDA:164,19,0,0
BRDA:164,19,1,0
BRDA:171,20,0,0
BRDA:171,20,1,0
BRDA:171,21,0,0
BRDA:171,21,1,0
BRDA:195,22,0,0
BRDA:195,22,1,0
BRDA:195,23,0,0
BRDA:195,23,1,0
BRDA:198,24,0,0
BRDA:198,24,1,0
BRDA:198,25,0,0
BRDA:198,25,1,0
BRDA:213,26,0,0
BRDA:213,26,1,0
BRDA:221,27,0,0
BRDA:221,27,1,0
BRDA:222,28,0,0
BRDA:222,28,1,0
BRDA:223,29,0,0
BRDA:223,29,1,0
BRDA:237,30,0,0
BRDA:237,30,1,0
BRDA:241,31,0,0
BRDA:241,31,1,0
BRDA:245,32,0,0
BRDA:245,32,1,0
BRDA:249,33,0,0
BRDA:249,33,1,0
BRDA:249,34,0,0
BRDA:249,34,1,0
BRDA:253,35,0,0
BRDA:253,35,1,0
BRDA:265,36,0,0
BRDA:265,36,1,0
BRDA:276,37,0,0
BRDA:276,37,1,0
BRDA:279,38,0,0
BRDA:279,38,1,0
BRDA:282,39,0,0
BRDA:282,39,1,0
BRF:79
BRH:0
end_of_record
TN:
SF:src\config\database.js
FN:14,(anonymous_0)
FNF:1
FNH:0
FNDA:0,(anonymous_0)
DA:2,2
DA:3,2
DA:5,2
DA:13,2
DA:14,0
LF:5
LH:4
BRDA:6,0,0,2
BRDA:6,0,1,0
BRDA:7,1,0,2
BRDA:7,1,1,0
BRDA:8,2,0,2
BRDA:8,2,1,0
BRDA:9,3,0,2
BRDA:9,3,1,0
BRDA:10,4,0,2
BRDA:10,4,1,0
BRF:10
BRH:5
end_of_record
TN:
SF:src\core\api-gateway.js
FN:8,(anonymous_0)
FN:22,(anonymous_1)
FN:34,(anonymous_2)
FN:41,(anonymous_3)
FN:52,(anonymous_4)
FN:72,(anonymous_5)
FN:83,(anonymous_6)
FN:112,(anonymous_7)
FN:126,(anonymous_8)
FN:173,(anonymous_9)
FN:190,(anonymous_10)
FN:214,(anonymous_11)
FN:276,(anonymous_12)
FN:294,(anonymous_13)
FN:332,(anonymous_14)
FN:352,(anonymous_15)
FN:386,(anonymous_16)
FN:409,(anonymous_17)
FN:430,(anonymous_18)
FN:497,(anonymous_19)
FN:499,(anonymous_20)
FN:515,(anonymous_21)
FN:557,(anonymous_22)
FN:566,(anonymous_23)
FNF:24
FNH:4
FNDA:1,(anonymous_0)
FNDA:1,(anonymous_1)
FNDA:0,(anonymous_2)
FNDA:0,(anonymous_3)
FNDA:0,(anonymous_4)
FNDA:0,(anonymous_5)
FNDA:1,(anonymous_6)
FNDA:0,(anonymous_7)
FNDA:0,(anonymous_8)
FNDA:0,(anonymous_9)
FNDA:0,(anonymous_10)
FNDA:0,(anonymous_11)
FNDA:0,(anonymous_12)
FNDA:0,(anonymous_13)
FNDA:0,(anonymous_14)
FNDA:0,(anonymous_15)
FNDA:0,(anonymous_16)
FNDA:0,(anonymous_17)
FNDA:0,(anonymous_18)
FNDA:1,(anonymous_19)
FNDA:0,(anonymous_20)
FNDA:0,(anonymous_21)
FNDA:0,(anonymous_22)
FNDA:0,(anonymous_23)
DA:1,1
DA:2,1
DA:3,1
DA:4,1
DA:5,1
DA:9,1
DA:10,1
DA:11,1
DA:12,1
DA:15,1
DA:16,1
DA:19,1
DA:23,1
DA:24,1
DA:25,1
DA:26,1
DA:27,1
DA:29,0
DA:35,0
DA:36,0
DA:37,0
DA:38,0
DA:42,0
DA:43,0
DA:44,0
DA:45,0
DA:46,0
DA:48,0
DA:53,0
DA:54,0
DA:55,0
DA:56,0
DA:57,0
DA:59,0
DA:60,0
DA:61,0
DA:62,0
DA:66,0
DA:68,0
DA:73,0
DA:74,0
DA:75,0
DA:76,0
DA:78,0
DA:84,1
DA:87,1
DA:90,1
DA:91,1
DA:92,1
DA:93,1
DA:94,1
DA:97,1
DA:98,1
DA:99,1
DA:102,1
DA:103,1
DA:106,1
DA:108,1
DA:113,0
DA:122,0
DA:127,0
DA:128,0
DA:130,0
DA:131,0
DA:137,0
DA:138,0
DA:141,0
DA:144,0
DA:145,0
DA:155,0
DA:157,0
DA:164,0
DA:165,0
DA:174,0
DA:175,0
DA:176,0
DA:182,0
DA:191,0
DA:192,0
DA:193,0
DA:195,0
DA:196,0
DA:201,0
DA:206,0
DA:215,0
DA:216,0
DA:217,0
DA:219,0
DA:220,0
DA:221,0
DA:227,0
DA:228,0
DA:237,0
DA:241,0
DA:253,0
DA:254,0
DA:255,0
DA:256,0
DA:259,0
DA:266,0
DA:268,0
DA:277,0
DA:278,0
DA:279,0
DA:281,0
DA:286,0
DA:295,0
DA:296,0
DA:298,0
DA:299,0
DA:304,0
DA:305,0
DA:314,0
DA:315,0
DA:317,0
DA:324,0
DA:333,0
DA:334,0
DA:336,0
DA:337,0
DA:339,0
DA:344,0
DA:353,0
DA:354,0
DA:355,0
DA:357,0
DA:358,0
DA:363,0
DA:370,0
DA:372,0
DA:378,0
DA:387,0
DA:388,0
DA:390,0
DA:391,0
DA:393,0
DA:395,0
DA:401,0
DA:410,0
DA:411,0
DA:412,0
DA:414,0
DA:416,0
DA:422,0
DA:431,0
DA:432,0
DA:434,0
DA:435,0
DA:440,0
DA:442,0
DA:443,0
DA:446,0
DA:449,0
DA:454,0
DA:457,0
DA:458,0
DA:459,0
DA:460,0
DA:462,0
DA:468,0
DA:473,0
DA:483,0
DA:489,0
DA:498,1
DA:499,0
DA:501,1
DA:502,0
DA:503,0
DA:509,0
DA:516,0
DA:517,0
DA:518,0
DA:520,0
DA:522,0
DA:529,0
DA:530,0
DA:534,0
DA:537,0
DA:543,0
DA:549,0
DA:558,0
DA:559,0
DA:561,0
DA:562,0
DA:565,0
DA:566,0
DA:568,0
DA:569,0
DA:572,0
DA:573,0
DA:575,0
DA:579,1
LF:192
LH:34
BRDA:60,0,0,0
BRDA:60,0,1,0
BRDA:62,1,0,0
BRDA:62,1,1,0
BRDA:130,2,0,0
BRDA:130,2,1,0
BRDA:130,3,0,0
BRDA:130,3,1,0
BRDA:149,4,0,0
BRDA:149,4,1,0
BRDA:150,5,0,0
BRDA:150,5,1,0
BRDA:195,6,0,0
BRDA:195,6,1,0
BRDA:220,7,0,0
BRDA:220,7,1,0
BRDA:298,8,0,0
BRDA:298,8,1,0
BRDA:298,9,0,0
BRDA:298,9,1,0
BRDA:308,10,0,0
BRDA:308,10,1,0
BRDA:357,11,0,0
BRDA:357,11,1,0
BRDA:374,12,0,0
BRDA:374,12,1,0
BRDA:434,13,0,0
BRDA:434,13,1,0
BRDA:446,14,0,0
BRDA:446,14,1,0
BRDA:446,14,2,0
BRDA:499,15,0,0
BRDA:499,15,1,0
BRDA:524,16,0,0
BRDA:524,16,1,0
BRDA:529,17,0,0
BRDA:529,17,1,0
BRDA:557,18,0,0
BRDA:561,19,0,0
BRDA:561,19,1,0
BRDA:568,20,0,0
BRDA:568,20,1,0
BRF:42
BRH:0
end_of_record
TN:
SF:src\core\context-manager.js
FN:6,(anonymous_0)
FN:10,(anonymous_1)
FN:31,(anonymous_2)
FN:60,(anonymous_3)
FN:67,(anonymous_4)
FNF:5
FNH:1
FNDA:2,(anonymous_0)
FNDA:0,(anonymous_1)
FNDA:0,(anonymous_2)
FNDA:0,(anonymous_3)
FNDA:0,(anonymous_4)
DA:2,2
DA:3,2
DA:7,2
DA:11,0
DA:13,0
DA:16,0
DA:23,0
DA:24,0
DA:26,0
DA:27,0
DA:32,0
DA:34,0
DA:35,0
DA:39,0
DA:47,0
DA:48,0
DA:49,0
DA:50,0
DA:53,0
DA:55,0
DA:56,0
DA:61,0
DA:62,0
DA:63,0
DA:64,0
DA:68,0
DA:69,0
DA:76,2
LF:28
LH:4
BRDA:34,0,0,0
BRDA:34,0,1,0
BRDA:47,1,0,0
BRDA:47,1,1,0
BRDA:61,2,0,0
BRDA:61,2,1,0
BRF:6
BRH:0
end_of_record
TN:
SF:src\core\error-handler.js
FN:5,(anonymous_0)
FN:10,(anonymous_1)
FN:40,(anonymous_2)
FN:48,(anonymous_3)
FN:52,(anonymous_4)
FN:57,(anonymous_5)
FN:58,(anonymous_6)
FNF:7
FNH:2
FNDA:1,(anonymous_0)
FNDA:0,(anonymous_1)
FNDA:0,(anonymous_2)
FNDA:0,(anonymous_3)
FNDA:0,(anonymous_4)
FNDA:1,(anonymous_5)
FNDA:0,(anonymous_6)
DA:2,1
DA:6,1
DA:7,1
DA:12,0
DA:19,0
DA:27,0
DA:28,0
DA:32,0
DA:41,0
DA:42,0
DA:44,0
DA:49,0
DA:53,0
DA:58,1
DA:59,0
DA:66,0
DA:71,1
LF:17
LH:5
BRDA:10,0,0,0
BRDA:12,1,0,0
BRDA:12,1,1,0
BRDA:20,2,0,0
BRDA:20,2,1,0
BRDA:27,3,0,0
BRDA:27,3,1,0
BRDA:34,4,0,0
BRDA:34,4,1,0
BRDA:35,5,0,0
BRDA:35,5,1,0
BRDA:40,6,0,0
BRDA:48,7,0,0
BRDA:66,8,0,0
BRDA:66,8,1,0
BRF:15
BRH:0
end_of_record
TN:
SF:src\core\file-storage.js
FN:6,(anonymous_0)
FN:14,(anonymous_1)
FN:32,(anonymous_2)
FN:35,(anonymous_3)
FN:51,(anonymous_4)
FN:60,(anonymous_5)
FN:62,(anonymous_6)
FN:65,(anonymous_7)
FN:77,(anonymous_8)
FN:86,(anonymous_9)
FNF:10
FNH:2
FNDA:1,(anonymous_0)
FNDA:1,(anonymous_1)
FNDA:0,(anonymous_2)
FNDA:0,(anonymous_3)
FNDA:0,(anonymous_4)
FNDA:0,(anonymous_5)
FNDA:0,(anonymous_6)
FNDA:0,(anonymous_7)
FNDA:0,(anonymous_8)
FNDA:0,(anonymous_9)
DA:2,1
DA:3,1
DA:7,1
DA:8,1
DA:9,1
DA:10,1
DA:11,1
DA:15,1
DA:16,1
DA:19,1
DA:20,1
DA:21,3
DA:22,3
DA:24,0
DA:28,0
DA:33,0
DA:34,0
DA:35,0
DA:37,0
DA:38,0
DA:40,0
DA:43,0
DA:44,0
DA:46,0
DA:47,0
DA:52,0
DA:53,0
DA:54,0
DA:56,0
DA:61,0
DA:62,0
DA:66,0
DA:67,0
DA:68,0
DA:69,0
DA:70,0
DA:72,0
DA:73,0
DA:78,0
DA:79,0
DA:80,0
DA:82,0
DA:87,0
DA:88,0
DA:92,1
LF:45
LH:14
BRDA:37,0,0,0
BRDA:37,0,1,0
BRF:2
BRH:0
end_of_record
TN:
SF:src\core\logger.js
FN:6,(anonymous_0)
FN:18,(anonymous_1)
FN:26,(anonymous_2)
FN:35,(anonymous_3)
FN:46,(anonymous_4)
FN:48,(anonymous_5)
FN:75,(anonymous_6)
FN:79,(anonymous_7)
FN:83,(anonymous_8)
FN:87,(anonymous_9)
FN:91,(anonymous_10)
FNF:11
FNH:7
FNDA:1,(anonymous_0)
FNDA:1,(anonymous_1)
FNDA:3,(anonymous_2)
FNDA:3,(anonymous_3)
FNDA:3,(anonymous_4)
FNDA:9,(anonymous_5)
FNDA:0,(anonymous_6)
FNDA:0,(anonymous_7)
FNDA:3,(anonymous_8)
FNDA:0,(anonymous_9)
FNDA:0,(anonymous_10)
DA:2,1
DA:3,1
DA:7,1
DA:8,1
DA:14,1
DA:15,1
DA:19,1
DA:20,1
DA:22,0
DA:27,3
DA:28,3
DA:32,3
DA:36,3
DA:37,3
DA:39,3
DA:40,3
DA:42,0
DA:47,3
DA:48,9
DA:51,3
DA:53,3
DA:56,3
DA:58,0
DA:59,0
DA:61,0
DA:62,0
DA:64,3
DA:65,3
DA:67,0
DA:68,0
DA:72,3
DA:76,0
DA:80,0
DA:84,3
DA:88,0
DA:92,0
DA:93,0
DA:95,0
DA:100,1
LF:39
LH:25
BRDA:26,0,0,0
BRDA:28,1,0,3
BRDA:28,1,1,0
BRDA:46,2,0,0
BRDA:51,3,0,0
BRDA:51,3,1,3
BRDA:56,4,0,0
BRDA:56,4,1,0
BRDA:56,4,2,3
BRDA:56,4,3,0
BRDA:92,5,0,0
BRDA:92,5,1,0
BRDA:93,6,0,0
BRDA:93,6,1,0
BRF:14
BRH:3
end_of_record
TN:
SF:src\core\mcp-connector.js
FN:6,(anonymous_0)
FN:20,(anonymous_1)
FN:57,(anonymous_2)
FN:83,(anonymous_3)
FN:99,(anonymous_4)
FNF:5
FNH:0
FNDA:0,(anonymous_0)
FNDA:0,(anonymous_1)
FNDA:0,(anonymous_2)
FNDA:0,(anonymous_3)
FNDA:0,(anonymous_4)
DA:1,2
DA:2,2
DA:3,2
DA:7,0
DA:8,0
DA:21,0
DA:22,0
DA:25,0
DA:26,0
DA:27,0
DA:30,0
DA:31,0
DA:33,0
DA:40,0
DA:46,0
DA:47,0
DA:49,0
DA:50,0
DA:52,0
DA:53,0
DA:58,0
DA:59,0
DA:60,0
DA:62,0
DA:70,0
DA:75,0
DA:76,0
DA:84,0
DA:85,0
DA:86,0
DA:88,0
DA:92,0
DA:94,0
DA:95,0
DA:100,0
DA:101,0
DA:102,0
DA:107,2
LF:38
LH:4
BRDA:21,0,0,0
BRDA:21,0,1,0
BRDA:26,1,0,0
BRDA:26,1,1,0
BRDA:60,2,0,0
BRDA:60,2,1,0
BRDA:86,3,0,0
BRDA:86,3,1,0
BRDA:92,4,0,0
BRDA:92,4,1,0
BRF:10
BRH:0
end_of_record
TN:
SF:src\core\mcp-server.js
FN:12,(anonymous_0)
FN:32,(anonymous_1)
FN:41,(anonymous_2)
FN:59,(anonymous_3)
FN:73,(anonymous_4)
FN:93,(anonymous_5)
FN:136,(anonymous_6)
FN:145,(anonymous_7)
FNF:8
FNH:5
FNDA:2,(anonymous_0)
FNDA:0,(anonymous_1)
FNDA:8,(anonymous_2)
FNDA:0,(anonymous_3)
FNDA:0,(anonymous_4)
FNDA:4,(anonymous_5)
FNDA:8,(anonymous_6)
FNDA:2,(anonymous_7)
DA:14,2
DA:17,2
DA:20,2
DA:23,2
DA:25,2
DA:33,0
DA:34,0
DA:42,8
DA:52,8
DA:53,8
DA:60,0
DA:61,0
DA:62,0
DA:65,0
DA:66,0
DA:67,0
DA:74,0
DA:75,0
DA:76,0
DA:80,0
DA:86,0
DA:94,4
DA:97,4
DA:98,4
DA:99,0
DA:103,4
DA:104,4
DA:105,0
DA:109,4
DA:116,4
DA:117,4
DA:120,3
DA:126,3
DA:128,1
DA:129,1
DA:137,8
DA:138,8
DA:139,8
DA:146,2
DA:155,2
LF:40
LH:25
BRDA:61,0,0,0
BRDA:61,0,1,0
BRDA:75,1,0,0
BRDA:75,1,1,0
BRDA:98,2,0,0
BRDA:98,2,1,4
BRDA:104,3,0,0
BRDA:104,3,1,4
BRF:8
BRH:2
end_of_record
TN:
SF:src\core\memory-system.js
FN:5,(anonymous_0)
FN:10,(anonymous_1)
FN:47,(anonymous_2)
FN:78,(anonymous_3)
FN:108,(anonymous_4)
FNF:5
FNH:1
FNDA:2,(anonymous_0)
FNDA:0,(anonymous_1)
FNDA:0,(anonymous_2)
FNDA:0,(anonymous_3)
FNDA:0,(anonymous_4)
DA:2,2
DA:6,2
DA:7,2
DA:11,0
DA:13,0
DA:14,0
DA:15,0
DA:18,0
DA:19,0
DA:25,0
DA:26,0
DA:27,0
DA:32,0
DA:33,0
DA:40,0
DA:42,0
DA:43,0
DA:48,0
DA:50,0
DA:51,0
DA:52,0
DA:53,0
DA:58,0
DA:59,0
DA:66,0
DA:67,0
DA:71,0
DA:73,0
DA:74,0
DA:79,0
DA:80,0
DA:82,0
DA:83,0
DA:86,0
DA:93,0
DA:95,0
DA:101,0
DA:103,0
DA:104,0
DA:109,0
DA:113,0
DA:118,0
DA:126,2
LF:43
LH:4
BRDA:10,0,0,0
BRDA:13,1,0,0
BRDA:13,1,1,0
BRDA:14,2,0,0
BRDA:14,2,1,0
BRDA:25,3,0,0
BRDA:25,3,1,0
BRDA:32,4,0,0
BRDA:32,4,1,0
BRDA:47,5,0,0
BRDA:50,6,0,0
BRDA:50,6,1,0
BRDA:50,7,0,0
BRDA:50,7,1,0
BRDA:52,8,0,0
BRDA:52,8,1,0
BRDA:58,9,0,0
BRDA:58,9,1,0
BRDA:66,10,0,0
BRDA:66,10,1,0
BRDA:78,11,0,0
BRDA:80,12,0,0
BRDA:80,12,1,0
BRDA:82,13,0,0
BRDA:82,13,1,0
BRDA:109,14,0,0
BRDA:109,14,1,0
BRF:27
BRH:0
end_of_record
TN:
SF:src\core\metrics.js
FN:3,(anonymous_0)
FN:17,(anonymous_1)
FN:46,(anonymous_2)
FN:64,(anonymous_3)
FN:70,(anonymous_4)
FN:76,(anonymous_5)
FN:78,(anonymous_6)
FN:84,(anonymous_7)
FN:91,(anonymous_8)
FN:96,(anonymous_9)
FN:111,(anonymous_10)
FNF:11
FNH:1
FNDA:2,(anonymous_0)
FNDA:0,(anonymous_1)
FNDA:0,(anonymous_2)
FNDA:0,(anonymous_3)
FNDA:0,(anonymous_4)
FNDA:0,(anonymous_5)
FNDA:0,(anonymous_6)
FNDA:0,(anonymous_7)
FNDA:0,(anonymous_8)
FNDA:0,(anonymous_9)
FNDA:0,(anonymous_10)
DA:4,2
DA:18,0
DA:19,0
DA:20,0
DA:22,0
DA:23,0
DA:25,0
DA:28,0
DA:29,0
DA:33,0
DA:35,0
DA:43,0
DA:47,0
DA:48,0
DA:65,0
DA:66,0
DA:67,0
DA:71,0
DA:72,0
DA:73,0
DA:77,0
DA:78,0
DA:79,0
DA:80,0
DA:81,0
DA:85,0
DA:91,0
DA:97,0
DA:98,0
DA:99,0
DA:101,0
DA:111,0
DA:117,2
LF:33
LH:2
BRDA:17,0,0,0
BRDA:17,1,0,0
BRDA:22,2,0,0
BRDA:22,2,1,0
BRDA:28,3,0,0
BRDA:28,3,1,0
BRDA:47,4,0,0
BRDA:47,4,1,0
BRDA:66,5,0,0
BRDA:66,5,1,0
BRDA:77,6,0,0
BRDA:77,6,1,0
BRDA:90,7,0,0
BRDA:90,7,1,0
BRF:14
BRH:0
end_of_record
TN:
SF:src\core\tool-registry.js
FN:7,(anonymous_0)
FN:19,(anonymous_1)
FN:31,(anonymous_2)
FN:52,(anonymous_3)
FN:74,(anonymous_4)
FN:87,(anonymous_5)
FN:102,(anonymous_6)
FN:153,(anonymous_7)
FN:197,(anonymous_8)
FN:231,(anonymous_9)
FN:270,(anonymous_10)
FN:283,(anonymous_11)
FN:297,(anonymous_12)
FN:306,(anonymous_13)
FN:349,(anonymous_14)
FN:350,(anonymous_15)
FN:357,(anonymous_16)
FN:382,(anonymous_17)
FNF:18
FNH:0
FNDA:0,(anonymous_0)
FNDA:0,(anonymous_1)
FNDA:0,(anonymous_2)
FNDA:0,(anonymous_3)
FNDA:0,(anonymous_4)
FNDA:0,(anonymous_5)
FNDA:0,(anonymous_6)
FNDA:0,(anonymous_7)
FNDA:0,(anonymous_8)
FNDA:0,(anonymous_9)
FNDA:0,(anonymous_10)
FNDA:0,(anonymous_11)
FNDA:0,(anonymous_12)
FNDA:0,(anonymous_13)
FNDA:0,(anonymous_14)
FNDA:0,(anonymous_15)
FNDA:0,(anonymous_16)
FNDA:0,(anonymous_17)
DA:1,2
DA:2,2
DA:3,2
DA:4,2
DA:8,0
DA:9,0
DA:10,0
DA:13,0
DA:16,0
DA:21,0
DA:32,0
DA:33,0
DA:34,0
DA:36,0
DA:41,0
DA:53,0
DA:54,0
DA:55,0
DA:56,0
DA:58,0
DA:64,0
DA:75,0
DA:76,0
DA:77,0
DA:78,0
DA:80,0
DA:89,0
DA:103,0
DA:105,0
DA:107,0
DA:117,0
DA:125,0
DA:131,0
DA:140,0
DA:154,0
DA:155,0
DA:157,0
DA:162,0
DA:163,0
DA:164,0
DA:167,0
DA:168,0
DA:170,0
DA:176,0
DA:185,0
DA:198,0
DA:199,0
DA:200,0
DA:202,0
DA:204,0
DA:209,0
DA:218,0
DA:232,0
DA:233,0
DA:234,0
DA:236,0
DA:242,0
DA:244,0
DA:250,0
DA:259,0
DA:271,0
DA:279,0
DA:285,0
DA:286,0
DA:287,0
DA:288,0
DA:294,0
DA:298,0
DA:299,0
DA:302,0
DA:303,0
DA:307,0
DA:309,0
DA:310,0
DA:316,0
DA:318,0
DA:319,0
DA:322,0
DA:329,0
DA:334,0
DA:342,0
DA:350,0
DA:358,0
DA:360,0
DA:361,0
DA:362,0
DA:370,0
DA:371,0
DA:372,0
DA:374,0
DA:378,0
DA:383,0
DA:384,0
DA:386,0
DA:394,2
LF:95
LH:5
BRDA:122,0,0,0
BRDA:122,0,1,0
BRDA:159,1,0,0
BRDA:159,1,1,0
BRDA:162,2,0,0
BRDA:162,2,1,0
BRDA:162,3,0,0
BRDA:162,3,1,0
BRDA:162,3,2,0
BRDA:285,4,0,0
BRDA:285,4,1,0
BRDA:285,5,0,0
BRDA:285,5,1,0
BRDA:285,5,2,0
BRDA:287,6,0,0
BRDA:287,6,1,0
BRDA:287,7,0,0
BRDA:287,7,1,0
BRDA:298,8,0,0
BRDA:298,8,1,0
BRDA:298,9,0,0
BRDA:298,9,1,0
BRDA:306,10,0,0
BRDA:309,11,0,0
BRDA:309,11,1,0
BRDA:361,12,0,0
BRDA:361,12,1,0
BRDA:371,13,0,0
BRDA:371,13,1,0
BRF:29
BRH:0
end_of_record
TN:
SF:src\core\websocket-server.js
FN:6,(anonymous_0)
FN:15,(anonymous_1)
FN:16,(anonymous_2)
FN:44,(anonymous_3)
FN:49,(anonymous_4)
FN:54,(anonymous_5)
FN:59,(anonymous_6)
FN:69,(anonymous_7)
FN:126,(anonymous_8)
FN:148,(anonymous_9)
FN:173,(anonymous_10)
FN:190,(anonymous_11)
FN:216,(anonymous_12)
FN:239,(anonymous_13)
FN:267,(anonymous_14)
FN:292,(anonymous_15)
FN:308,(anonymous_16)
FN:315,(anonymous_17)
FN:335,(anonymous_18)
FN:342,(anonymous_19)
FN:345,(anonymous_20)
FN:352,(anonymous_21)
FN:353,(anonymous_22)
FN:361,(anonymous_23)
FN:362,(anonymous_24)
FN:376,(anonymous_25)
FN:379,(anonymous_26)
FN:381,(anonymous_27)
FNF:28
FNH:4
FNDA:1,(anonymous_0)
FNDA:1,(anonymous_1)
FNDA:0,(anonymous_2)
FNDA:0,(anonymous_3)
FNDA:0,(anonymous_4)
FNDA:0,(anonymous_5)
FNDA:0,(anonymous_6)
FNDA:0,(anonymous_7)
FNDA:0,(anonymous_8)
FNDA:0,(anonymous_9)
FNDA:0,(anonymous_10)
FNDA:0,(anonymous_11)
FNDA:0,(anonymous_12)
FNDA:0,(anonymous_13)
FNDA:0,(anonymous_14)
FNDA:0,(anonymous_15)
FNDA:0,(anonymous_16)
FNDA:0,(anonymous_17)
FNDA:0,(anonymous_18)
FNDA:0,(anonymous_19)
FNDA:0,(anonymous_20)
FNDA:1,(anonymous_21)
FNDA:0,(anonymous_22)
FNDA:0,(anonymous_23)
FNDA:0,(anonymous_24)
FNDA:1,(anonymous_25)
FNDA:0,(anonymous_26)
FNDA:0,(anonymous_27)
DA:1,1
DA:2,1
DA:3,1
DA:7,1
DA:8,1
DA:9,1
DA:10,1
DA:12,1
DA:16,1
DA:17,0
DA:18,0
DA:21,0
DA:31,0
DA:33,0
DA:36,0
DA:44,0
DA:45,0
DA:49,0
DA:50,0
DA:54,0
DA:55,0
DA:59,0
DA:60,0
DA:61,0
DA:63,0
DA:70,0
DA:71,0
DA:72,0
DA:74,0
DA:76,0
DA:78,0
DA:80,0
DA:81,0
DA:84,0
DA:85,0
DA:88,0
DA:89,0
DA:92,0
DA:93,0
DA:96,0
DA:97,0
DA:100,0
DA:101,0
DA:104,0
DA:105,0
DA:108,0
DA:109,0
DA:112,0
DA:118,0
DA:119,0
DA:127,0
DA:128,0
DA:132,0
DA:133,0
DA:134,0
DA:136,0
DA:141,0
DA:149,0
DA:150,0
DA:152,0
DA:154,0
DA:155,0
DA:157,0
DA:165,0
DA:174,0
DA:175,0
DA:177,0
DA:179,0
DA:180,0
DA:182,0
DA:191,0
DA:192,0
DA:195,0
DA:196,0
DA:200,0
DA:203,0
DA:205,0
DA:207,0
DA:216,0
DA:217,0
DA:230,0
DA:240,0
DA:241,0
DA:243,0
DA:245,0
DA:246,0
DA:249,0
DA:250,0
DA:253,0
DA:260,0
DA:268,0
DA:269,0
DA:271,0
DA:273,0
DA:274,0
DA:275,0
DA:278,0
DA:285,0
DA:293,0
DA:294,0
DA:296,0
DA:298,0
DA:299,0
DA:309,0
DA:310,0
DA:312,0
DA:315,0
DA:316,0
DA:317,0
DA:320,0
DA:329,0
DA:332,0
DA:336,0
DA:337,0
DA:338,0
DA:343,0
DA:345,0
DA:346,0
DA:347,0
DA:353,1
DA:354,0
DA:355,0
DA:362,0
DA:363,0
DA:364,0
DA:377,1
DA:379,0
DA:381,0
DA:386,1
LF:129
LH:12
BRDA:60,0,0,0
BRDA:60,0,1,0
BRDA:74,1,0,0
BRDA:74,1,1,0
BRDA:78,2,0,0
BRDA:78,2,1,0
BRDA:78,2,2,0
BRDA:78,2,3,0
BRDA:78,2,4,0
BRDA:78,2,5,0
BRDA:78,2,6,0
BRDA:78,2,7,0
BRDA:78,2,8,0
BRDA:128,3,0,0
BRDA:128,3,1,0
BRDA:132,4,0,0
BRDA:132,4,1,0
BRDA:150,5,0,0
BRDA:150,5,1,0
BRDA:154,6,0,0
BRDA:154,6,1,0
BRDA:175,7,0,0
BRDA:175,7,1,0
BRDA:179,8,0,0
BRDA:179,8,1,0
BRDA:179,9,0,0
BRDA:179,9,1,0
BRDA:192,10,0,0
BRDA:192,10,1,0
BRDA:195,11,0,0
BRDA:195,11,1,0
BRDA:241,12,0,0
BRDA:241,12,1,0
BRDA:245,13,0,0
BRDA:245,13,1,0
BRDA:269,14,0,0
BRDA:269,14,1,0
BRDA:273,15,0,0
BRDA:273,15,1,0
BRDA:294,16,0,0
BRDA:294,16,1,0
BRDA:294,17,0,0
BRDA:294,17,1,0
BRDA:298,18,0,0
BRDA:298,18,1,0
BRDA:298,19,0,0
BRDA:298,19,1,0
BRDA:310,20,0,0
BRDA:310,20,1,0
BRDA:316,21,0,0
BRDA:316,21,1,0
BRDA:337,22,0,0
BRDA:337,22,1,0
BRDA:337,23,0,0
BRDA:337,23,1,0
BRDA:342,24,0,0
BRDA:343,25,0,0
BRDA:343,25,1,0
BRDA:346,26,0,0
BRDA:346,26,1,0
BRDA:352,27,0,1
BRDA:354,28,0,0
BRDA:354,28,1,0
BRDA:363,29,0,0
BRDA:363,29,1,0
BRF:65
BRH:1
end_of_record
TN:
SF:src\core\widget-api.js
FN:8,(anonymous_0)
FN:15,(anonymous_1)
FN:50,(anonymous_2)
FN:53,(anonymous_3)
FN:93,(anonymous_4)
FN:143,(anonymous_5)
FN:189,(anonymous_6)
FN:212,(anonymous_7)
FN:255,(anonymous_8)
FN:278,(anonymous_9)
FN:354,(anonymous_10)
FN:378,(anonymous_11)
FN:507,(anonymous_12)
FNF:13
FNH:2
FNDA:1,(anonymous_0)
FNDA:1,(anonymous_1)
FNDA:0,(anonymous_2)
FNDA:0,(anonymous_3)
FNDA:0,(anonymous_4)
FNDA:0,(anonymous_5)
FNDA:0,(anonymous_6)
FNDA:0,(anonymous_7)
FNDA:0,(anonymous_8)
FNDA:0,(anonymous_9)
FNDA:0,(anonymous_10)
FNDA:0,(anonymous_11)
FNDA:0,(anonymous_12)
DA:1,1
DA:2,1
DA:3,1
DA:4,1
DA:5,1
DA:9,1
DA:10,1
DA:11,1
DA:12,1
DA:17,1
DA:20,1
DA:23,1
DA:26,1
DA:29,1
DA:32,1
DA:35,1
DA:38,1
DA:41,1
DA:44,1
DA:46,1
DA:52,0
DA:53,0
DA:54,0
DA:58,0
DA:59,0
DA:60,0
DA:64,0
DA:65,0
DA:66,0
DA:67,0
DA:70,0
DA:71,0
DA:75,0
DA:79,0
DA:80,0
DA:84,0
DA:89,0
DA:94,0
DA:95,0
DA:96,0
DA:98,0
DA:99,0
DA:105,0
DA:106,0
DA:107,0
DA:112,0
DA:113,0
DA:117,0
DA:123,0
DA:125,0
DA:131,0
DA:136,0
DA:144,0
DA:145,0
DA:147,0
DA:148,0
DA:154,0
DA:155,0
DA:156,0
DA:157,0
DA:161,0
DA:168,0
DA:171,0
DA:177,0
DA:182,0
DA:190,0
DA:191,0
DA:192,0
DA:194,0
DA:195,0
DA:200,0
DA:205,0
DA:213,0
DA:214,0
DA:215,0
DA:218,0
DA:219,0
DA:220,0
DA:224,0
DA:230,0
DA:232,0
DA:233,0
DA:238,0
DA:243,0
DA:248,0
DA:256,0
DA:257,0
DA:258,0
DA:260,0
DA:261,0
DA:266,0
DA:271,0
DA:279,0
DA:280,0
DA:281,0
DA:284,0
DA:286,0
DA:287,0
DA:291,0
DA:292,0
DA:296,0
DA:300,0
DA:301,0
DA:302,0
DA:303,0
DA:307,0
DA:312,0
DA:313,0
DA:317,0
DA:321,0
DA:325,0
DA:331,0
DA:332,0
DA:333,0
DA:336,0
DA:337,0
DA:339,0
DA:346,0
DA:350,0
DA:355,0
DA:356,0
DA:358,0
DA:360,0
DA:361,0
DA:364,0
DA:365,0
DA:368,0
DA:369,0
DA:371,0
DA:374,0
DA:379,0
DA:380,0
DA:382,0
DA:384,0
DA:385,0
DA:388,0
DA:500,0
DA:503,0
DA:508,0
DA:509,0
DA:510,0
DA:512,0
DA:513,0
DA:514,0
DA:519,0
DA:524,0
DA:530,0
DA:535,0
DA:543,1
LF:149
LH:21
BRDA:53,0,0,0
BRDA:53,0,1,0
BRDA:64,1,0,0
BRDA:64,1,1,0
BRDA:65,2,0,0
BRDA:65,2,1,0
BRDA:66,3,0,0
BRDA:66,3,1,0
BRDA:70,4,0,0
BRDA:70,4,1,0
BRDA:79,5,0,0
BRDA:79,5,1,0
BRDA:98,6,0,0
BRDA:98,6,1,0
BRDA:106,7,0,0
BRDA:106,7,1,0
BRDA:112,8,0,0
BRDA:112,8,1,0
BRDA:147,9,0,0
BRDA:147,9,1,0
BRDA:154,10,0,0
BRDA:154,10,1,0
BRDA:156,11,0,0
BRDA:156,11,1,0
BRDA:194,12,0,0
BRDA:194,12,1,0
BRDA:219,13,0,0
BRDA:219,13,1,0
BRDA:232,14,0,0
BRDA:232,14,1,0
BRDA:260,15,0,0
BRDA:260,15,1,0
BRDA:286,16,0,0
BRDA:286,16,1,0
BRDA:291,17,0,0
BRDA:291,17,1,0
BRDA:300,18,0,0
BRDA:300,18,1,0
BRDA:300,19,0,0
BRDA:300,19,1,0
BRDA:302,20,0,0
BRDA:302,20,1,0
BRDA:312,21,0,0
BRDA:312,21,1,0
BRDA:313,22,0,0
BRDA:313,22,1,0
BRDA:313,23,0,0
BRDA:313,23,1,0
BRDA:360,24,0,0
BRDA:360,24,1,0
BRDA:384,25,0,0
BRDA:384,25,1,0
BRDA:513,26,0,0
BRDA:513,26,1,0
BRF:54
BRH:0
end_of_record
TN:
SF:src\core\widget-generator.js
FN:7,(anonymous_0)
FN:13,(anonymous_1)
FN:22,(anonymous_2)
FN:79,(anonymous_3)
FN:83,(anonymous_4)
FN:100,(anonymous_5)
FN:474,(anonymous_6)
FN:479,(anonymous_7)
FN:489,(anonymous_8)
FN:499,(anonymous_9)
FN:509,(anonymous_10)
FN:525,(anonymous_11)
FN:548,(anonymous_12)
FNF:13
FNH:2
FNDA:1,(anonymous_0)
FNDA:1,(anonymous_1)
FNDA:0,(anonymous_2)
FNDA:0,(anonymous_3)
FNDA:0,(anonymous_4)
FNDA:0,(anonymous_5)
FNDA:0,(anonymous_6)
FNDA:0,(anonymous_7)
FNDA:0,(anonymous_8)
FNDA:0,(anonymous_9)
FNDA:0,(anonymous_10)
FNDA:0,(anonymous_11)
FNDA:0,(anonymous_12)
DA:1,1
DA:2,1
DA:3,1
DA:4,1
DA:8,1
DA:9,1
DA:10,1
DA:14,1
DA:15,1
DA:16,1
DA:18,0
DA:23,0
DA:24,0
DA:26,0
DA:57,0
DA:60,0
DA:63,0
DA:66,0
DA:68,0
DA:80,0
DA:84,0
DA:101,0
DA:471,0
DA:475,0
DA:476,0
DA:480,0
DA:481,0
DA:482,0
DA:483,0
DA:485,0
DA:490,0
DA:491,0
DA:493,0
DA:496,0
DA:499,0
DA:500,0
DA:502,0
DA:503,0
DA:505,0
DA:510,0
DA:511,0
DA:514,0
DA:526,0
DA:527,0
DA:530,0
DA:539,0
DA:542,0
DA:543,0
DA:545,0
DA:550,0
DA:602,1
LF:51
LH:11
BRDA:22,0,0,0
BRDA:32,1,0,0
BRDA:32,1,1,0
BRDA:33,2,0,0
BRDA:33,2,1,0
BRDA:34,3,0,0
BRDA:34,3,1,0
BRDA:35,4,0,0
BRDA:35,4,1,0
BRDA:36,5,0,0
BRDA:36,5,1,0
BRDA:37,6,0,0
BRDA:37,6,1,0
BRDA:38,7,0,0
BRDA:38,7,1,0
BRDA:39,8,0,0
BRDA:39,8,1,0
BRDA:40,9,0,0
BRDA:40,9,1,0
BRDA:43,10,0,0
BRDA:43,10,1,0
BRDA:44,11,0,0
BRDA:44,11,1,0
BRDA:45,12,0,0
BRDA:45,12,1,0
BRDA:47,13,0,0
BRDA:47,13,1,0
BRDA:48,14,0,0
BRDA:48,14,1,0
BRDA:49,15,0,0
BRDA:49,15,1,0
BRDA:50,16,0,0
BRDA:50,16,1,0
BRDA:51,17,0,0
BRDA:51,17,1,0
BRDA:116,18,0,0
BRDA:116,18,1,0
BRDA:164,19,0,0
BRDA:164,19,1,0
BRDA:200,20,0,0
BRDA:200,20,1,0
BRDA:201,21,0,0
BRDA:201,21,1,0
BRDA:244,22,0,0
BRDA:244,22,1,0
BRDA:245,23,0,0
BRDA:245,23,1,0
BRDA:256,24,0,0
BRDA:256,24,1,0
BRDA:258,25,0,0
BRDA:258,25,1,0
BRDA:259,26,0,0
BRDA:259,26,1,0
BRDA:296,27,0,0
BRDA:296,27,1,0
BRDA:302,28,0,0
BRDA:302,28,1,0
BRDA:339,29,0,0
BRDA:339,29,1,0
BRDA:377,30,0,0
BRDA:377,30,1,0
BRDA:491,31,0,0
BRDA:491,31,1,0
BRDA:496,32,0,0
BRDA:496,32,1,0
BRDA:500,33,0,0
BRDA:500,33,1,0
BRDA:505,34,0,0
BRDA:505,34,1,0
BRDA:505,34,2,0
BRDA:510,35,0,0
BRDA:510,35,1,0
BRDA:511,36,0,0
BRDA:511,36,1,0
BRDA:526,37,0,0
BRDA:526,37,1,0
BRDA:527,38,0,0
BRDA:527,38,1,0
BRDA:535,39,0,0
BRDA:535,39,1,0
BRF:80
BRH:0
end_of_record
TN:
SF:src\core\widget-security.js
FN:5,(anonymous_0)
FN:34,(anonymous_1)
FN:42,(anonymous_2)
FN:74,(anonymous_3)
FN:156,(anonymous_4)
FN:175,(anonymous_5)
FN:198,(anonymous_6)
FN:210,(anonymous_7)
FN:221,(anonymous_8)
FN:233,(anonymous_9)
FN:329,(anonymous_10)
FN:338,(anonymous_11)
FN:351,(anonymous_12)
FN:381,(anonymous_13)
FN:391,(anonymous_14)
FN:399,(anonymous_15)
FN:403,(anonymous_16)
FN:413,(anonymous_17)
FN:425,(anonymous_18)
FN:447,(anonymous_19)
FNF:20
FNH:2
FNDA:1,(anonymous_0)
FNDA:1,(anonymous_1)
FNDA:0,(anonymous_2)
FNDA:0,(anonymous_3)
FNDA:0,(anonymous_4)
FNDA:0,(anonymous_5)
FNDA:0,(anonymous_6)
FNDA:0,(anonymous_7)
FNDA:0,(anonymous_8)
FNDA:0,(anonymous_9)
FNDA:0,(anonymous_10)
FNDA:0,(anonymous_11)
FNDA:0,(anonymous_12)
FNDA:0,(anonymous_13)
FNDA:0,(anonymous_14)
FNDA:0,(anonymous_15)
FNDA:0,(anonymous_16)
FNDA:0,(anonymous_17)
FNDA:0,(anonymous_18)
FNDA:0,(anonymous_19)
DA:1,1
DA:2,1
DA:6,1
DA:7,1
DA:8,1
DA:9,1
DA:12,1
DA:31,1
DA:36,1
DA:37,1
DA:43,0
DA:44,0
DA:45,0
DA:47,0
DA:60,0
DA:63,0
DA:65,0
DA:75,0
DA:82,0
DA:83,0
DA:84,0
DA:85,0
DA:89,0
DA:90,0
DA:91,0
DA:92,0
DA:96,0
DA:97,0
DA:98,0
DA:102,0
DA:103,0
DA:105,0
DA:106,0
DA:107,0
DA:110,0
DA:111,0
DA:112,0
DA:113,0
DA:116,0
DA:117,0
DA:118,0
DA:122,0
DA:123,0
DA:124,0
DA:125,0
DA:129,0
DA:130,0
DA:131,0
DA:132,0
DA:133,0
DA:138,0
DA:139,0
DA:140,0
DA:141,0
DA:146,0
DA:147,0
DA:149,0
DA:150,0
DA:152,0
DA:157,0
DA:162,0
DA:175,0
DA:176,0
DA:178,0
DA:179,0
DA:180,0
DA:181,0
DA:182,0
DA:187,0
DA:188,0
DA:189,0
DA:191,0
DA:193,0
DA:194,0
DA:196,0
DA:198,0
DA:199,0
DA:204,0
DA:206,0
DA:211,0
DA:213,0
DA:214,0
DA:217,0
DA:222,0
DA:234,0
DA:236,0
DA:330,0
DA:331,0
DA:333,0
DA:334,0
DA:337,0
DA:338,0
DA:340,0
DA:341,0
DA:344,0
DA:345,0
DA:347,0
DA:353,0
DA:354,0
DA:358,0
DA:359,0
DA:363,0
DA:364,0
DA:368,0
DA:369,0
DA:370,0
DA:371,0
DA:372,0
DA:377,0
DA:382,0
DA:383,0
DA:384,0
DA:386,0
DA:392,0
DA:399,0
DA:404,0
DA:405,0
DA:406,0
DA:407,0
DA:414,0
DA:426,0
DA:429,0
DA:430,0
DA:434,0
DA:435,0
DA:436,0
DA:440,0
DA:443,0
DA:448,0
DA:457,1
LF:130
LH:11
BRDA:82,0,0,0
BRDA:82,0,1,0
BRDA:83,1,0,0
BRDA:83,1,1,0
BRDA:90,2,0,0
BRDA:90,2,1,0
BRDA:96,3,0,0
BRDA:96,3,1,0
BRDA:102,4,0,0
BRDA:102,4,1,0
BRDA:103,5,0,0
BRDA:103,5,1,0
BRDA:105,6,0,0
BRDA:105,6,1,0
BRDA:105,7,0,0
BRDA:105,7,1,0
BRDA:111,8,0,0
BRDA:111,8,1,0
BRDA:116,9,0,0
BRDA:116,9,1,0
BRDA:122,10,0,0
BRDA:122,10,1,0
BRDA:129,11,0,0
BRDA:129,11,1,0
BRDA:130,12,0,0
BRDA:130,12,1,0
BRDA:131,13,0,0
BRDA:131,13,1,0
BRDA:131,14,0,0
BRDA:131,14,1,0
BRDA:138,15,0,0
BRDA:138,15,1,0
BRDA:140,16,0,0
BRDA:140,16,1,0
BRDA:175,17,0,0
BRDA:176,18,0,0
BRDA:176,18,1,0
BRDA:179,19,0,0
BRDA:179,19,1,0
BRDA:187,20,0,0
BRDA:187,20,1,0
BRDA:191,21,0,0
BRDA:191,21,1,0
BRDA:191,22,0,0
BRDA:191,22,1,0
BRDA:194,23,0,0
BRDA:194,23,1,0
BRDA:196,24,0,0
BRDA:196,24,1,0
BRDA:243,25,0,0
BRDA:243,25,1,0
BRDA:288,26,0,0
BRDA:288,26,1,0
BRDA:333,27,0,0
BRDA:333,27,1,0
BRDA:340,28,0,0
BRDA:340,28,1,0
BRDA:353,29,0,0
BRDA:353,29,1,0
BRDA:358,30,0,0
BRDA:358,30,1,0
BRDA:363,31,0,0
BRDA:363,31,1,0
BRDA:369,32,0,0
BRDA:369,32,1,0
BRDA:371,33,0,0
BRDA:371,33,1,0
BRDA:371,34,0,0
BRDA:371,34,1,0
BRDA:406,35,0,0
BRDA:406,35,1,0
BRDA:429,36,0,0
BRDA:429,36,1,0
BRDA:435,37,0,0
BRDA:435,37,1,0
BRDA:435,38,0,0
BRDA:435,38,1,0
BRF:77
BRH:0
end_of_record
